This is pdfTeX, Version 3.141592653-2.6-1.40.25 (TeX Live 2023/Debian) (preloaded format=pdflatex 2025.8.26)  9 APR 2026 15:12
entering extended mode
 restricted \write18 enabled.
 file:line:error style messages enabled.
 %&-line parsing enabled.
**/home/andres/presentations/lightning_sandia/main.tex
(/home/andres/presentations/lightning_sandia/main.tex
LaTeX2e <2023-11-01> patch level 1
L3 programming layer <2024-01-22>
(./sandia-beamer.cls
Document Class: sandia-beamer 
(/usr/share/texlive/texmf-dist/tex/latex/etoolbox/etoolbox.sty
Package: etoolbox 2020/10/05 v2.5k e-TeX tools for LaTeX (JAW)
\etb@tempcnta=\count187
) (/usr/share/texlive/texmf-dist/tex/latex/graphics/graphicx.sty
Package: graphicx 2021/09/16 v1.2d Enhanced LaTeX Graphics (DPC,SPQR)
 (/usr/share/texlive/texmf-dist/tex/latex/graphics/keyval.sty
Package: keyval 2022/05/29 v1.15 key=value parser (DPC)
\KV@toks@=\toks17
) (/usr/share/texlive/texmf-dist/tex/latex/graphics/graphics.sty
Package: graphics 2022/03/10 v1.4e Standard LaTeX Graphics (DPC,SPQR)
 (/usr/share/texlive/texmf-dist/tex/latex/graphics/trig.sty
Package: trig 2021/08/11 v1.11 sin cos tan (DPC)
) (/usr/share/texlive/texmf-dist/tex/latex/graphics-cfg/graphics.cfg
File: graphics.cfg 2016/06/04 v1.11 sample graphics configuration
)
Package graphics Info: Driver file: pdftex.def on input line 107.
 (/usr/share/texlive/texmf-dist/tex/latex/graphics-def/pdftex.def
File: pdftex.def 2022/09/22 v1.2b Graphics/color driver for pdftex
))
\Gin@req@height=\dimen140
\Gin@req@width=\dimen141
) (/usr/share/texlive/texmf-dist/tex/latex/xkeyval/xkeyval.sty
Package: xkeyval 2022/06/16 v2.9 package option processing (HA)
 (/usr/share/texlive/texmf-dist/tex/generic/xkeyval/xkeyval.tex (/usr/share/texlive/texmf-dist/tex/generic/xkeyval/xkvutils.tex
\XKV@toks=\toks18
\XKV@tempa@toks=\toks19
)
\XKV@depth=\count188
File: xkeyval.tex 2014/12/03 v2.7a key=value parser (HA)
)) (/usr/share/texlive/texmf-dist/tex/latex/pgf/frontendlayer/tikz.sty (/usr/share/texlive/texmf-dist/tex/latex/pgf/basiclayer/pgf.sty (/usr/share/texlive/texmf-dist/tex/latex/pgf/utilities/pgfrcs.sty (/usr/share/texlive/texmf-dist/tex/generic/pgf/utilities/pgfutil-common.tex
\pgfutil@everybye=\toks20
\pgfutil@tempdima=\dimen142
\pgfutil@tempdimb=\dimen143
) (/usr/share/texlive/texmf-dist/tex/generic/pgf/utilities/pgfutil-latex.def
\pgfutil@abb=\box51
) (/usr/share/texlive/texmf-dist/tex/generic/pgf/utilities/pgfrcs.code.tex (/usr/share/texlive/texmf-dist/tex/generic/pgf/pgf.revision.tex)
Package: pgfrcs 2023-01-15 v3.1.10 (3.1.10)
))
Package: pgf 2023-01-15 v3.1.10 (3.1.10)
 (/usr/share/texlive/texmf-dist/tex/latex/pgf/basiclayer/pgfcore.sty (/usr/share/texlive/texmf-dist/tex/latex/pgf/systemlayer/pgfsys.sty (/usr/share/texlive/texmf-dist/tex/generic/pgf/systemlayer/pgfsys.code.tex
Package: pgfsys 2023-01-15 v3.1.10 (3.1.10)
 (/usr/share/texlive/texmf-dist/tex/generic/pgf/utilities/pgfkeys.code.tex
\pgfkeys@pathtoks=\toks21
\pgfkeys@temptoks=\toks22
 (/usr/share/texlive/texmf-dist/tex/generic/pgf/utilities/pgfkeyslibraryfiltered.code.tex
\pgfkeys@tmptoks=\toks23
))
\pgf@x=\dimen144
\pgf@y=\dimen145
\pgf@xa=\dimen146
\pgf@ya=\dimen147
\pgf@xb=\dimen148
\pgf@yb=\dimen149
\pgf@xc=\dimen150
\pgf@yc=\dimen151
\pgf@xd=\dimen152
\pgf@yd=\dimen153
\w@pgf@writea=\write3
\r@pgf@reada=\read2
\c@pgf@counta=\count189
\c@pgf@countb=\count190
\c@pgf@countc=\count191
\c@pgf@countd=\count192
\t@pgf@toka=\toks24
\t@pgf@tokb=\toks25
\t@pgf@tokc=\toks26
\pgf@sys@id@count=\count193
 (/usr/share/texlive/texmf-dist/tex/generic/pgf/systemlayer/pgf.cfg
File: pgf.cfg 2023-01-15 v3.1.10 (3.1.10)
)
Driver file for pgf: pgfsys-pdftex.def
 (/usr/share/texlive/texmf-dist/tex/generic/pgf/systemlayer/pgfsys-pdftex.def
File: pgfsys-pdftex.def 2023-01-15 v3.1.10 (3.1.10)
 (/usr/share/texlive/texmf-dist/tex/generic/pgf/systemlayer/pgfsys-common-pdf.def
File: pgfsys-common-pdf.def 2023-01-15 v3.1.10 (3.1.10)
))) (/usr/share/texlive/texmf-dist/tex/generic/pgf/systemlayer/pgfsyssoftpath.code.tex
File: pgfsyssoftpath.code.tex 2023-01-15 v3.1.10 (3.1.10)
\pgfsyssoftpath@smallbuffer@items=\count194
\pgfsyssoftpath@bigbuffer@items=\count195
) (/usr/share/texlive/texmf-dist/tex/generic/pgf/systemlayer/pgfsysprotocol.code.tex
File: pgfsysprotocol.code.tex 2023-01-15 v3.1.10 (3.1.10)
)) (/usr/share/texlive/texmf-dist/tex/latex/xcolor/xcolor.sty
Package: xcolor 2023/11/15 v3.01 LaTeX color extensions (UK)
 (/usr/share/texlive/texmf-dist/tex/latex/graphics-cfg/color.cfg
File: color.cfg 2016/01/02 v1.6 sample color configuration
)
Package xcolor Info: Driver file: pdftex.def on input line 274.
 (/usr/share/texlive/texmf-dist/tex/latex/graphics/mathcolor.ltx)
Package xcolor Info: Model `cmy' substituted by `cmy0' on input line 1350.
Package xcolor Info: Model `hsb' substituted by `rgb' on input line 1354.
Package xcolor Info: Model `RGB' extended on input line 1366.
Package xcolor Info: Model `HTML' substituted by `rgb' on input line 1368.
Package xcolor Info: Model `Hsb' substituted by `hsb' on input line 1369.
Package xcolor Info: Model `tHsb' substituted by `hsb' on input line 1370.
Package xcolor Info: Model `HSB' substituted by `hsb' on input line 1371.
Package xcolor Info: Model `Gray' substituted by `gray' on input line 1372.
Package xcolor Info: Model `wave' substituted by `hsb' on input line 1373.
) (/usr/share/texlive/texmf-dist/tex/latex/xcolor/x11nam.def
File: x11nam.def 2023/11/15 v3.01 Predefined colors according to Unix/X11 (UK)
) (/usr/share/texlive/texmf-dist/tex/generic/pgf/basiclayer/pgfcore.code.tex
Package: pgfcore 2023-01-15 v3.1.10 (3.1.10)
 (/usr/share/texlive/texmf-dist/tex/generic/pgf/math/pgfmath.code.tex (/usr/share/texlive/texmf-dist/tex/generic/pgf/math/pgfmathutil.code.tex) (/usr/share/texlive/texmf-dist/tex/generic/pgf/math/pgfmathparser.code.tex
\pgfmath@dimen=\dimen154
\pgfmath@count=\count196
\pgfmath@box=\box52
\pgfmath@toks=\toks27
\pgfmath@stack@operand=\toks28
\pgfmath@stack@operation=\toks29
) (/usr/share/texlive/texmf-dist/tex/generic/pgf/math/pgfmathfunctions.code.tex) (/usr/share/texlive/texmf-dist/tex/generic/pgf/math/pgfmathfunctions.basic.code.tex) (/usr/share/texlive/texmf-dist/tex/generic/pgf/math/pgfmathfunctions.trigonometric.code.tex) (/usr/share/texlive/texmf-dist/tex/generic/pgf/math/pgfmathfunctions.random.code.tex) (/usr/share/texlive/texmf-dist/tex/generic/pgf/math/pgfmathfunctions.comparison.code.tex) (/usr/share/texlive/texmf-dist/tex/generic/pgf/math/pgfmathfunctions.base.code.tex) (/usr/share/texlive/texmf-dist/tex/generic/pgf/math/pgfmathfunctions.round.code.tex) (/usr/share/texlive/texmf-dist/tex/generic/pgf/math/pgfmathfunctions.misc.code.tex) (/usr/share/texlive/texmf-dist/tex/generic/pgf/math/pgfmathfunctions.integerarithmetics.code.tex) (/usr/share/texlive/texmf-dist/tex/generic/pgf/math/pgfmathcalc.code.tex) (/usr/share/texlive/texmf-dist/tex/generic/pgf/math/pgfmathfloat.code.tex
\c@pgfmathroundto@lastzeros=\count197
)) (/usr/share/texlive/texmf-dist/tex/generic/pgf/math/pgfint.code.tex) (/usr/share/texlive/texmf-dist/tex/generic/pgf/basiclayer/pgfcorepoints.code.tex
File: pgfcorepoints.code.tex 2023-01-15 v3.1.10 (3.1.10)
\pgf@picminx=\dimen155
\pgf@picmaxx=\dimen156
\pgf@picminy=\dimen157
\pgf@picmaxy=\dimen158
\pgf@pathminx=\dimen159
\pgf@pathmaxx=\dimen160
\pgf@pathminy=\dimen161
\pgf@pathmaxy=\dimen162
\pgf@xx=\dimen163
\pgf@xy=\dimen164
\pgf@yx=\dimen165
\pgf@yy=\dimen166
\pgf@zx=\dimen167
\pgf@zy=\dimen168
) (/usr/share/texlive/texmf-dist/tex/generic/pgf/basiclayer/pgfcorepathconstruct.code.tex
File: pgfcorepathconstruct.code.tex 2023-01-15 v3.1.10 (3.1.10)
\pgf@path@lastx=\dimen169
\pgf@path@lasty=\dimen170
) (/usr/share/texlive/texmf-dist/tex/generic/pgf/basiclayer/pgfcorepathusage.code.tex
File: pgfcorepathusage.code.tex 2023-01-15 v3.1.10 (3.1.10)
\pgf@shorten@end@additional=\dimen171
\pgf@shorten@start@additional=\dimen172
) (/usr/share/texlive/texmf-dist/tex/generic/pgf/basiclayer/pgfcorescopes.code.tex
File: pgfcorescopes.code.tex 2023-01-15 v3.1.10 (3.1.10)
\pgfpic=\box53
\pgf@hbox=\box54
\pgf@layerbox@main=\box55
\pgf@picture@serial@count=\count198
) (/usr/share/texlive/texmf-dist/tex/generic/pgf/basiclayer/pgfcoregraphicstate.code.tex
File: pgfcoregraphicstate.code.tex 2023-01-15 v3.1.10 (3.1.10)
\pgflinewidth=\dimen173
) (/usr/share/texlive/texmf-dist/tex/generic/pgf/basiclayer/pgfcoretransformations.code.tex
File: pgfcoretransformations.code.tex 2023-01-15 v3.1.10 (3.1.10)
\pgf@pt@x=\dimen174
\pgf@pt@y=\dimen175
\pgf@pt@temp=\dimen176
) (/usr/share/texlive/texmf-dist/tex/generic/pgf/basiclayer/pgfcorequick.code.tex
File: pgfcorequick.code.tex 2023-01-15 v3.1.10 (3.1.10)
) (/usr/share/texlive/texmf-dist/tex/generic/pgf/basiclayer/pgfcoreobjects.code.tex
File: pgfcoreobjects.code.tex 2023-01-15 v3.1.10 (3.1.10)
) (/usr/share/texlive/texmf-dist/tex/generic/pgf/basiclayer/pgfcorepathprocessing.code.tex
File: pgfcorepathprocessing.code.tex 2023-01-15 v3.1.10 (3.1.10)
) (/usr/share/texlive/texmf-dist/tex/generic/pgf/basiclayer/pgfcorearrows.code.tex
File: pgfcorearrows.code.tex 2023-01-15 v3.1.10 (3.1.10)
\pgfarrowsep=\dimen177
) (/usr/share/texlive/texmf-dist/tex/generic/pgf/basiclayer/pgfcoreshade.code.tex
File: pgfcoreshade.code.tex 2023-01-15 v3.1.10 (3.1.10)
\pgf@max=\dimen178
\pgf@sys@shading@range@num=\count199
\pgf@shadingcount=\count266
) (/usr/share/texlive/texmf-dist/tex/generic/pgf/basiclayer/pgfcoreimage.code.tex
File: pgfcoreimage.code.tex 2023-01-15 v3.1.10 (3.1.10)
) (/usr/share/texlive/texmf-dist/tex/generic/pgf/basiclayer/pgfcoreexternal.code.tex
File: pgfcoreexternal.code.tex 2023-01-15 v3.1.10 (3.1.10)
\pgfexternal@startupbox=\box56
) (/usr/share/texlive/texmf-dist/tex/generic/pgf/basiclayer/pgfcorelayers.code.tex
File: pgfcorelayers.code.tex 2023-01-15 v3.1.10 (3.1.10)
) (/usr/share/texlive/texmf-dist/tex/generic/pgf/basiclayer/pgfcoretransparency.code.tex
File: pgfcoretransparency.code.tex 2023-01-15 v3.1.10 (3.1.10)
) (/usr/share/texlive/texmf-dist/tex/generic/pgf/basiclayer/pgfcorepatterns.code.tex
File: pgfcorepatterns.code.tex 2023-01-15 v3.1.10 (3.1.10)
) (/usr/share/texlive/texmf-dist/tex/generic/pgf/basiclayer/pgfcorerdf.code.tex
File: pgfcorerdf.code.tex 2023-01-15 v3.1.10 (3.1.10)
))) (/usr/share/texlive/texmf-dist/tex/generic/pgf/modules/pgfmoduleshapes.code.tex
File: pgfmoduleshapes.code.tex 2023-01-15 v3.1.10 (3.1.10)
\pgfnodeparttextbox=\box57
) (/usr/share/texlive/texmf-dist/tex/generic/pgf/modules/pgfmoduleplot.code.tex
File: pgfmoduleplot.code.tex 2023-01-15 v3.1.10 (3.1.10)
) (/usr/share/texlive/texmf-dist/tex/latex/pgf/compatibility/pgfcomp-version-0-65.sty
Package: pgfcomp-version-0-65 2023-01-15 v3.1.10 (3.1.10)
\pgf@nodesepstart=\dimen179
\pgf@nodesepend=\dimen180
) (/usr/share/texlive/texmf-dist/tex/latex/pgf/compatibility/pgfcomp-version-1-18.sty
Package: pgfcomp-version-1-18 2023-01-15 v3.1.10 (3.1.10)
)) (/usr/share/texlive/texmf-dist/tex/latex/pgf/utilities/pgffor.sty (/usr/share/texlive/texmf-dist/tex/latex/pgf/utilities/pgfkeys.sty (/usr/share/texlive/texmf-dist/tex/generic/pgf/utilities/pgfkeys.code.tex)) (/usr/share/texlive/texmf-dist/tex/latex/pgf/math/pgfmath.sty (/usr/share/texlive/texmf-dist/tex/generic/pgf/math/pgfmath.code.tex)) (/usr/share/texlive/texmf-dist/tex/generic/pgf/utilities/pgffor.code.tex
Package: pgffor 2023-01-15 v3.1.10 (3.1.10)
\pgffor@iter=\dimen181
\pgffor@skip=\dimen182
\pgffor@stack=\toks30
\pgffor@toks=\toks31
)) (/usr/share/texlive/texmf-dist/tex/generic/pgf/frontendlayer/tikz/tikz.code.tex
Package: tikz 2023-01-15 v3.1.10 (3.1.10)
 (/usr/share/texlive/texmf-dist/tex/generic/pgf/libraries/pgflibraryplothandlers.code.tex
File: pgflibraryplothandlers.code.tex 2023-01-15 v3.1.10 (3.1.10)
\pgf@plot@mark@count=\count267
\pgfplotmarksize=\dimen183
)
\tikz@lastx=\dimen184
\tikz@lasty=\dimen185
\tikz@lastxsaved=\dimen186
\tikz@lastysaved=\dimen187
\tikz@lastmovetox=\dimen188
\tikz@lastmovetoy=\dimen189
\tikzleveldistance=\dimen190
\tikzsiblingdistance=\dimen191
\tikz@figbox=\box58
\tikz@figbox@bg=\box59
\tikz@tempbox=\box60
\tikz@tempbox@bg=\box61
\tikztreelevel=\count268
\tikznumberofchildren=\count269
\tikznumberofcurrentchild=\count270
\tikz@fig@count=\count271
 (/usr/share/texlive/texmf-dist/tex/generic/pgf/modules/pgfmodulematrix.code.tex
File: pgfmodulematrix.code.tex 2023-01-15 v3.1.10 (3.1.10)
\pgfmatrixcurrentrow=\count272
\pgfmatrixcurrentcolumn=\count273
\pgf@matrix@numberofcolumns=\count274
)
\tikz@expandcount=\count275
 (/usr/share/texlive/texmf-dist/tex/generic/pgf/frontendlayer/tikz/libraries/tikzlibrarytopaths.code.tex
File: tikzlibrarytopaths.code.tex 2023-01-15 v3.1.10 (3.1.10)
))) (/usr/share/texlive/texmf-dist/tex/latex/tools/calc.sty
Package: calc 2023/07/08 v4.3 Infix arithmetic (KKT,FJ)
\calc@Acount=\count276
\calc@Bcount=\count277
\calc@Adimen=\dimen192
\calc@Bdimen=\dimen193
\calc@Askip=\skip48
\calc@Bskip=\skip49
LaTeX Info: Redefining \setlength on input line 80.
LaTeX Info: Redefining \addtolength on input line 81.
\calc@Ccount=\count278
\calc@Cskip=\skip50
) (/usr/share/texlive/texmf-dist/tex/latex/tools/xspace.sty
Package: xspace 2014/10/28 v1.13 Space after command names (DPC,MH)
) (/usr/share/texlive/texmf-dist/tex/latex/datetime/datetime.sty
Package: datetime 2015/03/20 v2.60 Date Time Package
 (/usr/share/texlive/texmf-dist/tex/latex/fmtcount/fmtcount.sty
Package: fmtcount 2020/01/30 v3.07
 (/usr/share/texlive/texmf-dist/tex/latex/base/ifthen.sty
Package: ifthen 2022/04/13 v1.1d Standard LaTeX ifthen package (DPC)
) (/usr/share/texlive/texmf-dist/tex/latex/fmtcount/fcprefix.sty
Package: fcprefix 2012/09/28
 (/usr/share/texlive/texmf-dist/tex/latex/fmtcount/fcnumparser.sty
Package: fcnumparser 2017/06/15
\fc@digit@counter=\count279
)) (/usr/share/texlive/texmf-dist/tex/latex/amsmath/amsgen.sty
File: amsgen.sty 1999/11/30 v2.0 generic functions
\@emptytoks=\toks32
\ex@=\dimen194
)
\c@padzeroesN=\count280
\fc@tmpcatcode=\count281
\@DT@modctr=\count282
\@ordinalctr=\count283
\@orgargctr=\count284
\@strctr=\count285
\@tmpstrctr=\count286
\@DT@loopN=\count287
\@DT@X=\count288
) (/usr/share/texlive/texmf-dist/tex/latex/datetime/datetime-defaults.sty
Package: datetime-defaults 2013/09/10
)
\@day=\count289
\@month=\count290
\@year=\count291
\c@HOUR=\count292
\c@HOURXII=\count293
\c@MINUTE=\count294
\c@TOHOUR=\count295
\c@TOMINUTE=\count296
\c@SECOND=\count297
\currenthour=\count298
\currentminute=\count299
\currentsecond=\count300
Package datetime Info: No datetime.cfg file found, using default settings on input line 308.
\@dtctr=\count301
\dayofyear=\count302
\dayofweek=\count303
\dt@a=\toks33
\dt@b=\toks34
) (/usr/share/texlive/texmf-dist/tex/generic/ulem/ulem.sty
\UL@box=\box62
\UL@hyphenbox=\box63
\UL@skip=\skip51
\UL@hook=\toks35
\UL@height=\dimen195
\UL@pe=\count304
\UL@pixel=\dimen196
\ULC@box=\box64
Package: ulem 2019/11/18
\ULdepth=\dimen197
) (/usr/share/texlive/texmf-dist/tex/latex/base/fontenc.sty
Package: fontenc 2021/04/29 v2.0v Standard LaTeX package
) (./markings.tex)
Class sandia-beamer: setting NM
Class sandia-beamer: setting strict font (sans-serif Helvetica/serif Times/ math math-ptmx)
(/usr/share/texlive/texmf-dist/tex/latex/beamer/beamer.cls
Document Class: beamer 2024/01/06 v3.71 A class for typesetting presentations
(/usr/share/texlive/texmf-dist/tex/latex/beamer/beamerbasemodes.sty
\beamer@tempbox=\box65
\beamer@tempcount=\count305
\c@beamerpauses=\count306
 (/usr/share/texlive/texmf-dist/tex/latex/beamer/beamerbasedecode.sty
\beamer@slideinframe=\count307
\beamer@minimum=\count308
\beamer@decode@box=\box66
)
\beamer@commentbox=\box67
\beamer@modecount=\count309
) (/usr/share/texlive/texmf-dist/tex/generic/iftex/iftex.sty
Package: iftex 2022/02/03 v1.0f TeX engine tests
)
\headdp=\dimen198
\footheight=\dimen199
\sidebarheight=\dimen256
\beamer@tempdim=\dimen257
\beamer@finalheight=\dimen258
\beamer@animht=\dimen259
\beamer@animdp=\dimen260
\beamer@animwd=\dimen261
\beamer@leftmargin=\dimen262
\beamer@rightmargin=\dimen263
\beamer@leftsidebar=\dimen264
\beamer@rightsidebar=\dimen265
\beamer@boxsize=\dimen266
\beamer@vboxoffset=\dimen267
\beamer@descdefault=\dimen268
\beamer@descriptionwidth=\dimen269
\beamer@lastskip=\skip52
\beamer@areabox=\box68
\beamer@animcurrent=\box69
\beamer@animshowbox=\box70
\beamer@sectionbox=\box71
\beamer@logobox=\box72
\beamer@linebox=\box73
\beamer@sectioncount=\count310
\beamer@subsubsectionmax=\count311
\beamer@subsectionmax=\count312
\beamer@sectionmax=\count313
\beamer@totalheads=\count314
\beamer@headcounter=\count315
\beamer@partstartpage=\count316
\beamer@sectionstartpage=\count317
\beamer@subsectionstartpage=\count318
\beamer@animationtempa=\count319
\beamer@animationtempb=\count320
\beamer@xpos=\count321
\beamer@ypos=\count322
\beamer@ypos@offset=\count323
\beamer@showpartnumber=\count324
\beamer@currentsubsection=\count325
\beamer@coveringdepth=\count326
\beamer@sectionadjust=\count327
\beamer@toclastsection=\count328
\beamer@tocsectionnumber=\count329
 (/usr/share/texlive/texmf-dist/tex/latex/beamer/beamerbaseoptions.sty)
\beamer@paperwidth=\skip53
\beamer@paperheight=\skip54
 (/usr/share/texlive/texmf-dist/tex/latex/geometry/geometry.sty
Package: geometry 2020/01/02 v5.9 Page Geometry
 (/usr/share/texlive/texmf-dist/tex/generic/iftex/ifvtex.sty
Package: ifvtex 2019/10/25 v1.7 ifvtex legacy package. Use iftex instead.
)
\Gm@cnth=\count330
\Gm@cntv=\count331
\c@Gm@tempcnt=\count332
\Gm@bindingoffset=\dimen270
\Gm@wd@mp=\dimen271
\Gm@odd@mp=\dimen272
\Gm@even@mp=\dimen273
\Gm@layoutwidth=\dimen274
\Gm@layoutheight=\dimen275
\Gm@layouthoffset=\dimen276
\Gm@layoutvoffset=\dimen277
\Gm@dimlist=\toks36
) (/usr/share/texlive/texmf-dist/tex/latex/base/size11.clo
File: size11.clo 2023/05/17 v1.4n Standard LaTeX file (size option)
) (/usr/share/texlive/texmf-dist/tex/latex/pgf/utilities/xxcolor.sty
Package: xxcolor 2003/10/24 ver 0.1
\XC@nummixins=\count333
\XC@countmixins=\count334
) (/usr/share/texlive/texmf-dist/tex/latex/base/atbegshi-ltx.sty
Package: atbegshi-ltx 2021/01/10 v1.0c Emulation of the original atbegshi
package with kernel methods
) (/usr/share/texlive/texmf-dist/tex/latex/hyperref/hyperref.sty
Package: hyperref 2024-01-20 v7.01h Hypertext links for LaTeX
 (/usr/share/texlive/texmf-dist/tex/latex/kvsetkeys/kvsetkeys.sty
Package: kvsetkeys 2022-10-05 v1.19 Key value parser (HO)
) (/usr/share/texlive/texmf-dist/tex/generic/kvdefinekeys/kvdefinekeys.sty
Package: kvdefinekeys 2019-12-19 v1.6 Define keys (HO)
) (/usr/share/texlive/texmf-dist/tex/generic/pdfescape/pdfescape.sty
Package: pdfescape 2019/12/09 v1.15 Implements pdfTeX's escape features (HO)
 (/usr/share/texlive/texmf-dist/tex/generic/ltxcmds/ltxcmds.sty
Package: ltxcmds 2023-12-04 v1.26 LaTeX kernel commands for general use (HO)
) (/usr/share/texlive/texmf-dist/tex/generic/pdftexcmds/pdftexcmds.sty
Package: pdftexcmds 2020-06-27 v0.33 Utility functions of pdfTeX for LuaTeX (HO)
 (/usr/share/texlive/texmf-dist/tex/generic/infwarerr/infwarerr.sty
Package: infwarerr 2019/12/03 v1.5 Providing info/warning/error messages (HO)
)
Package pdftexcmds Info: \pdf@primitive is available.
Package pdftexcmds Info: \pdf@ifprimitive is available.
Package pdftexcmds Info: \pdfdraftmode found.
)) (/usr/share/texlive/texmf-dist/tex/latex/hycolor/hycolor.sty
Package: hycolor 2020-01-27 v1.10 Color options for hyperref/bookmark (HO)
) (/usr/share/texlive/texmf-dist/tex/latex/auxhook/auxhook.sty
Package: auxhook 2019-12-17 v1.6 Hooks for auxiliary files (HO)
) (/usr/share/texlive/texmf-dist/tex/latex/hyperref/nameref.sty
Package: nameref 2023-11-26 v2.56 Cross-referencing by name of section
 (/usr/share/texlive/texmf-dist/tex/latex/refcount/refcount.sty
Package: refcount 2019/12/15 v3.6 Data extraction from label references (HO)
) (/usr/share/texlive/texmf-dist/tex/generic/gettitlestring/gettitlestring.sty
Package: gettitlestring 2019/12/15 v1.6 Cleanup title references (HO)
 (/usr/share/texlive/texmf-dist/tex/latex/kvoptions/kvoptions.sty
Package: kvoptions 2022-06-15 v3.15 Key value format for package options (HO)
))
\c@section@level=\count335
)
\@linkdim=\dimen278
\Hy@linkcounter=\count336
\Hy@pagecounter=\count337
 (/usr/share/texlive/texmf-dist/tex/latex/hyperref/pd1enc.def
File: pd1enc.def 2024-01-20 v7.01h Hyperref: PDFDocEncoding definition (HO)
Now handling font encoding PD1 ...
... no UTF-8 mapping file for font encoding PD1
) (/usr/share/texlive/texmf-dist/tex/generic/intcalc/intcalc.sty
Package: intcalc 2019/12/15 v1.3 Expandable calculations with integers (HO)
)
\Hy@SavedSpaceFactor=\count338
 (/usr/share/texlive/texmf-dist/tex/latex/hyperref/puenc.def
File: puenc.def 2024-01-20 v7.01h Hyperref: PDF Unicode definition (HO)
Now handling font encoding PU ...
... no UTF-8 mapping file for font encoding PU
)
Package hyperref Info: Option `bookmarks' set `true' on input line 4062.
Package hyperref Info: Option `bookmarksopen' set `true' on input line 4062.
Package hyperref Info: Option `implicit' set `false' on input line 4062.
Package hyperref Info: Hyper figures OFF on input line 4179.
Package hyperref Info: Link nesting OFF on input line 4184.
Package hyperref Info: Hyper index ON on input line 4187.
Package hyperref Info: Plain pages OFF on input line 4194.
Package hyperref Info: Backreferencing OFF on input line 4199.
Package hyperref Info: Implicit mode OFF; no redefinition of LaTeX internals.
Package hyperref Info: Bookmarks ON on input line 4446.
\c@Hy@tempcnt=\count339
 (/usr/share/texlive/texmf-dist/tex/latex/url/url.sty
\Urlmuskip=\muskip16
Package: url 2013/09/16  ver 3.4  Verb mode for urls, etc.
)
LaTeX Info: Redefining \url on input line 4784.
\XeTeXLinkMargin=\dimen279
 (/usr/share/texlive/texmf-dist/tex/generic/bitset/bitset.sty
Package: bitset 2019/12/09 v1.3 Handle bit-vector datatype (HO)
 (/usr/share/texlive/texmf-dist/tex/generic/bigintcalc/bigintcalc.sty
Package: bigintcalc 2019/12/15 v1.5 Expandable calculations on big integers (HO)
))
\Fld@menulength=\count340
\Field@Width=\dimen280
\Fld@charsize=\dimen281
Package hyperref Info: Hyper figures OFF on input line 6063.
Package hyperref Info: Link nesting OFF on input line 6068.
Package hyperref Info: Hyper index ON on input line 6071.
Package hyperref Info: backreferencing OFF on input line 6078.
Package hyperref Info: Link coloring OFF on input line 6083.
Package hyperref Info: Link coloring with OCG OFF on input line 6088.
Package hyperref Info: PDF/A mode OFF on input line 6093.
\Hy@abspage=\count341


Package hyperref Message: Stopped early.

)
Package hyperref Info: Driver (autodetected): hpdftex.
 (/usr/share/texlive/texmf-dist/tex/latex/hyperref/hpdftex.def
File: hpdftex.def 2024-01-20 v7.01h Hyperref driver for pdfTeX
 (/usr/share/texlive/texmf-dist/tex/latex/base/atveryend-ltx.sty
Package: atveryend-ltx 2020/08/19 v1.0a Emulation of the original atveryend package
with kernel methods
)
\Fld@listcount=\count342
\c@bookmark@seq@number=\count343
 (/usr/share/texlive/texmf-dist/tex/latex/rerunfilecheck/rerunfilecheck.sty
Package: rerunfilecheck 2022-07-10 v1.10 Rerun checks for auxiliary files (HO)
 (/usr/share/texlive/texmf-dist/tex/generic/uniquecounter/uniquecounter.sty
Package: uniquecounter 2019/12/15 v1.4 Provide unlimited unique counter (HO)
)
Package uniquecounter Info: New unique counter `rerunfilecheck' on input line 285.
)) (/usr/share/texlive/texmf-dist/tex/latex/beamer/beamerbaserequires.sty (/usr/share/texlive/texmf-dist/tex/latex/beamer/beamerbasecompatibility.sty) (/usr/share/texlive/texmf-dist/tex/latex/beamer/beamerbasefont.sty (/usr/share/texlive/texmf-dist/tex/latex/amsfonts/amssymb.sty
Package: amssymb 2013/01/14 v3.01 AMS font symbols
 (/usr/share/texlive/texmf-dist/tex/latex/amsfonts/amsfonts.sty
Package: amsfonts 2013/01/14 v3.01 Basic AMSFonts support
\symAMSa=\mathgroup4
\symAMSb=\mathgroup5
LaTeX Font Info:    Redeclaring math symbol \hbar on input line 98.
LaTeX Font Info:    Overwriting math alphabet `\mathfrak' in version `bold'
(Font)                  U/euf/m/n --> U/euf/b/n on input line 106.
)) (/usr/share/texlive/texmf-dist/tex/latex/sansmathaccent/sansmathaccent.sty
Package: sansmathaccent 2020/01/31
 (/usr/share/texlive/texmf-dist/tex/latex/koma-script/scrlfile.sty
Package: scrlfile 2023/07/07 v3.41 KOMA-Script package (file load hooks)
 (/usr/share/texlive/texmf-dist/tex/latex/koma-script/scrlfile-hook.sty
Package: scrlfile-hook 2023/07/07 v3.41 KOMA-Script package (using LaTeX hooks)
 (/usr/share/texlive/texmf-dist/tex/latex/koma-script/scrlogo.sty
Package: scrlogo 2023/07/07 v3.41 KOMA-Script package (logo)
))))) (/usr/share/texlive/texmf-dist/tex/latex/beamer/beamerbasetranslator.sty (/usr/share/texlive/texmf-dist/tex/latex/translator/translator.sty
Package: translator 2021-05-31 v1.12d Easy translation of strings in LaTeX
)) (/usr/share/texlive/texmf-dist/tex/latex/beamer/beamerbasemisc.sty) (/usr/share/texlive/texmf-dist/tex/latex/beamer/beamerbasetwoscreens.sty) (/usr/share/texlive/texmf-dist/tex/latex/beamer/beamerbaseoverlay.sty
\beamer@argscount=\count344
\beamer@lastskipcover=\skip55
\beamer@trivlistdepth=\count345
) (/usr/share/texlive/texmf-dist/tex/latex/beamer/beamerbasetitle.sty) (/usr/share/texlive/texmf-dist/tex/latex/beamer/beamerbasesection.sty
\c@lecture=\count346
\c@part=\count347
\c@section=\count348
\c@subsection=\count349
\c@subsubsection=\count350
) (/usr/share/texlive/texmf-dist/tex/latex/beamer/beamerbaseframe.sty
\beamer@framebox=\box74
\beamer@frametitlebox=\box75
\beamer@zoombox=\box76
\beamer@zoomcount=\count351
\beamer@zoomframecount=\count352
\beamer@frametextheight=\dimen282
\c@subsectionslide=\count353
\beamer@frametopskip=\skip56
\beamer@framebottomskip=\skip57
\beamer@frametopskipautobreak=\skip58
\beamer@framebottomskipautobreak=\skip59
\beamer@envbody=\toks37
\framewidth=\dimen283
\c@framenumber=\count354
) (/usr/share/texlive/texmf-dist/tex/latex/beamer/beamerbaseverbatim.sty
\beamer@verbatimfileout=\write4
) (/usr/share/texlive/texmf-dist/tex/latex/beamer/beamerbaseframesize.sty
\beamer@splitbox=\box77
\beamer@autobreakcount=\count355
\beamer@autobreaklastheight=\dimen284
\beamer@frametitletoks=\toks38
\beamer@framesubtitletoks=\toks39
) (/usr/share/texlive/texmf-dist/tex/latex/beamer/beamerbaseframecomponents.sty
\beamer@footins=\box78
) (/usr/share/texlive/texmf-dist/tex/latex/beamer/beamerbasecolor.sty) (/usr/share/texlive/texmf-dist/tex/latex/beamer/beamerbasenotes.sty
\beamer@frameboxcopy=\box79
) (/usr/share/texlive/texmf-dist/tex/latex/beamer/beamerbasetoc.sty) (/usr/share/texlive/texmf-dist/tex/latex/beamer/beamerbasetemplates.sty
\beamer@sbttoks=\toks40
 (/usr/share/texlive/texmf-dist/tex/latex/beamer/beamerbaseauxtemplates.sty (/usr/share/texlive/texmf-dist/tex/latex/beamer/beamerbaseboxes.sty
\bmb@box=\box80
\bmb@colorbox=\box81
\bmb@boxwidth=\dimen285
\bmb@boxheight=\dimen286
\bmb@prevheight=\dimen287
\bmb@temp=\dimen288
\bmb@dima=\dimen289
\bmb@dimb=\dimen290
\bmb@prevheight=\dimen291
)
\beamer@blockheadheight=\dimen292
)) (/usr/share/texlive/texmf-dist/tex/latex/beamer/beamerbaselocalstructure.sty (/usr/share/texlive/texmf-dist/tex/latex/tools/enumerate.sty
Package: enumerate 2023/07/04 v3.00 enumerate extensions (DPC)
\@enLab=\toks41
)
\beamer@bibiconwidth=\skip60
\c@figure=\count356
\c@table=\count357
\abovecaptionskip=\skip61
\belowcaptionskip=\skip62
) (/usr/share/texlive/texmf-dist/tex/latex/beamer/beamerbasenavigation.sty (/usr/share/texlive/texmf-dist/tex/latex/beamer/beamerbasenavigationsymbols.tex)
\beamer@section@min@dim=\dimen293
) (/usr/share/texlive/texmf-dist/tex/latex/beamer/beamerbasetheorems.sty (/usr/share/texlive/texmf-dist/tex/latex/amsmath/amsmath.sty
Package: amsmath 2023/05/13 v2.17o AMS math features
\@mathmargin=\skip63

For additional information on amsmath, use the `?' option.
(/usr/share/texlive/texmf-dist/tex/latex/amsmath/amstext.sty
Package: amstext 2021/08/26 v2.01 AMS text
) (/usr/share/texlive/texmf-dist/tex/latex/amsmath/amsbsy.sty
Package: amsbsy 1999/11/29 v1.2d Bold Symbols
\pmbraise@=\dimen294
) (/usr/share/texlive/texmf-dist/tex/latex/amsmath/amsopn.sty
Package: amsopn 2022/04/08 v2.04 operator names
)
\inf@bad=\count358
LaTeX Info: Redefining \frac on input line 234.
\uproot@=\count359
\leftroot@=\count360
LaTeX Info: Redefining \overline on input line 399.
LaTeX Info: Redefining \colon on input line 410.
\classnum@=\count361
\DOTSCASE@=\count362
LaTeX Info: Redefining \ldots on input line 496.
LaTeX Info: Redefining \dots on input line 499.
LaTeX Info: Redefining \cdots on input line 620.
\Mathstrutbox@=\box82
\strutbox@=\box83
LaTeX Info: Redefining \big on input line 722.
LaTeX Info: Redefining \Big on input line 723.
LaTeX Info: Redefining \bigg on input line 724.
LaTeX Info: Redefining \Bigg on input line 725.
\big@size=\dimen295
LaTeX Font Info:    Redeclaring font encoding OML on input line 743.
LaTeX Font Info:    Redeclaring font encoding OMS on input line 744.
\macc@depth=\count363
LaTeX Info: Redefining \bmod on input line 905.
LaTeX Info: Redefining \pmod on input line 910.
LaTeX Info: Redefining \smash on input line 940.
LaTeX Info: Redefining \relbar on input line 970.
LaTeX Info: Redefining \Relbar on input line 971.
\c@MaxMatrixCols=\count364
\dotsspace@=\muskip17
\c@parentequation=\count365
\dspbrk@lvl=\count366
\tag@help=\toks42
\row@=\count367
\column@=\count368
\maxfields@=\count369
\andhelp@=\toks43
\eqnshift@=\dimen296
\alignsep@=\dimen297
\tagshift@=\dimen298
\tagwidth@=\dimen299
\totwidth@=\dimen300
\lineht@=\dimen301
\@envbody=\toks44
\multlinegap=\skip64
\multlinetaggap=\skip65
\mathdisplay@stack=\toks45
LaTeX Info: Redefining \[ on input line 2953.
LaTeX Info: Redefining \] on input line 2954.
) (/usr/share/texlive/texmf-dist/tex/latex/amscls/amsthm.sty
Package: amsthm 2020/05/29 v2.20.6
\thm@style=\toks46
\thm@bodyfont=\toks47
\thm@headfont=\toks48
\thm@notefont=\toks49
\thm@headpunct=\toks50
\thm@preskip=\skip66
\thm@postskip=\skip67
\thm@headsep=\skip68
\dth@everypar=\toks51
)
\c@theorem=\count370
) (/usr/share/texlive/texmf-dist/tex/latex/beamer/beamerbasethemes.sty)) (/usr/share/texlive/texmf-dist/tex/latex/beamer/beamerthemedefault.sty (/usr/share/texlive/texmf-dist/tex/latex/beamer/beamerfontthemedefault.sty) (/usr/share/texlive/texmf-dist/tex/latex/beamer/beamercolorthemedefault.sty) (/usr/share/texlive/texmf-dist/tex/latex/beamer/beamerinnerthemedefault.sty
\beamer@dima=\dimen302
\beamer@dimb=\dimen303
) (/usr/share/texlive/texmf-dist/tex/latex/beamer/beamerouterthemedefault.sty)))
Class sandia-beamer Info: location is nm on input line 372.
Class sandia-beamer Info: theme is angles on input line 373.
 (./beamerthemeAngles.sty
Package: beamerthemeAngles 3/22/2023 v3 sandia-beamer
 (./beamerouterthemeAngles.sty) (./beamercolorthemeSandia.sty
Package: beamercolorthemeSandia 
) (./beamerinnerthemeAngles.sty) (./beamerfontthemeserifSandia.sty (/usr/share/texlive/texmf-dist/tex/latex/beamer/beamerfontthemeserif.sty)) (/usr/share/texlive/texmf-dist/tex/generic/pgf/frontendlayer/tikz/libraries/tikzlibrarycalc.code.tex
File: tikzlibrarycalc.code.tex 2023-01-15 v3.1.10 (3.1.10)
) (/usr/share/texlive/texmf-dist/tex/generic/pgf/frontendlayer/tikz/libraries/tikzlibrarybackgrounds.code.tex
File: tikzlibrarybackgrounds.code.tex 2023-01-15 v3.1.10 (3.1.10)
\pgf@layerbox@background=\box84
\pgf@layerboxsaved@background=\box85
) (/usr/share/texlive/texmf-dist/tex/generic/pgf/frontendlayer/tikz/libraries/tikzlibrarypositioning.code.tex
File: tikzlibrarypositioning.code.tex 2023-01-15 v3.1.10 (3.1.10)
) (/usr/share/texlive/texmf-dist/tex/generic/pgf/frontendlayer/tikz/libraries/tikzlibraryshadows.code.tex
File: tikzlibraryshadows.code.tex 2023-01-15 v3.1.10 (3.1.10)
 (/usr/share/texlive/texmf-dist/tex/generic/pgf/frontendlayer/tikz/libraries/tikzlibraryfadings.code.tex
File: tikzlibraryfadings.code.tex 2023-01-15 v3.1.10 (3.1.10)
 (/usr/share/texlive/texmf-dist/tex/generic/pgf/libraries/pgflibraryfadings.code.tex
File: pgflibraryfadings.code.tex 2023-01-15 v3.1.10 (3.1.10)
))))) (./new-mysymb.sty (/usr/share/texlive/texmf-dist/tex/latex/float/float.sty
Package: float 2001/11/08 v1.3d Float enhancements (AL)
\c@float@type=\count371
\float@exts=\toks52
\float@box=\box86
\@float@everytoks=\toks53
\@floatcapt=\box87
) (/usr/share/texlive/texmf-dist/tex/latex/paralist/paralist.sty
Package: paralist 2017/01/22 v2.7 Extended list environments
\pltopsep=\skip69
\plpartopsep=\skip70
\plitemsep=\skip71
\plparsep=\skip72
\pl@lab=\toks54
) (/usr/share/texlive/texmf-dist/tex/latex/subfigure/subfigure.sty
Package: subfigure 2002/03/15 v2.1.5 subfigure package
\subfigtopskip=\skip73
\subfigcapskip=\skip74
\subfigcaptopadj=\dimen304
\subfigbottomskip=\skip75
\subfigcapmargin=\dimen305
\subfiglabelskip=\skip76
\c@subfigure=\count372
\c@lofdepth=\count373
\c@subtable=\count374
\c@lotdepth=\count375

****************************************
* Local config file subfigure.cfg used *
****************************************
(/usr/share/texlive/texmf-dist/tex/latex/subfigure/subfigure.cfg)
\subfig@top=\skip77
\subfig@bottom=\skip78
) (/usr/share/texlive/texmf-dist/tex/latex/tools/longtable.sty
Package: longtable 2023-11-01 v4.19 Multi-page Table package (DPC)
\LTleft=\skip79
\LTright=\skip80
\LTpre=\skip81
\LTpost=\skip82
\LTchunksize=\count376
\LTcapwidth=\dimen306
\LT@head=\box88
\LT@firsthead=\box89
\LT@foot=\box90
\LT@lastfoot=\box91
\LT@gbox=\box92
\LT@cols=\count377
\LT@rows=\count378
\c@LT@tables=\count379
\c@LT@chunks=\count380
\LT@p@ftn=\toks55
) (/usr/share/texlive/texmf-dist/tex/latex/multirow/multirow.sty
Package: multirow 2021/03/15 v2.8 Span multiple rows of a table
\multirow@colwidth=\skip83
\multirow@cntb=\count381
\multirow@dima=\skip84
\bigstrutjot=\dimen307
) (/usr/share/texlive/texmf-dist/tex/latex/tools/multicol.sty
Package: multicol 2023/03/30 v1.9f multicolumn formatting (FMi)
\c@tracingmulticols=\count382
\mult@box=\box93
\multicol@leftmargin=\dimen308
\c@unbalance=\count383
\c@collectmore=\count384
\doublecol@number=\count385
\multicoltolerance=\count386
\multicolpretolerance=\count387
\full@width=\dimen309
\page@free=\dimen310
\premulticols=\dimen311
\postmulticols=\dimen312
\multicolsep=\skip85
\multicolbaselineskip=\skip86
\partial@page=\box94
\last@line=\box95
\mc@boxedresult=\box96
\maxbalancingoverflow=\dimen313
\mult@rightbox=\box97
\mult@grightbox=\box98
\mult@firstbox=\box99
\mult@gfirstbox=\box100
\@tempa=\box101
\@tempa=\box102
\@tempa=\box103
\@tempa=\box104
\@tempa=\box105
\@tempa=\box106
\@tempa=\box107
\@tempa=\box108
\@tempa=\box109
\@tempa=\box110
\@tempa=\box111
\@tempa=\box112
\@tempa=\box113
\@tempa=\box114
\@tempa=\box115
\@tempa=\box116
\@tempa=\box117
\@tempa=\box118
\@tempa=\box119
\@tempa=\box120
\@tempa=\box121
\@tempa=\box122
\@tempa=\box123
\@tempa=\box124
\@tempa=\box125
\@tempa=\box126
\@tempa=\box127
\@tempa=\box128
\@tempa=\box129
\@tempa=\box130
\@tempa=\box131
\@tempa=\box132
\@tempa=\box133
\@tempa=\box134
\@tempa=\box135
\@tempa=\box136
\c@minrows=\count388
\c@columnbadness=\count389
\c@finalcolumnbadness=\count390
\last@try=\dimen314
\multicolovershoot=\dimen315
\multicolundershoot=\dimen316
\mult@nat@firstbox=\box137
\colbreak@box=\box138
\mc@col@check@num=\count391
) (/usr/share/texlive/texmf-dist/tex/latex/pbox/pbox.sty
Package: pbox 2011/12/07 v1.2 Dynamic parboxes
\pb@xlen=\skip87
) (/usr/share/texlive/texmf-dist/tex/generic/soul/soul.sty
Package: soul 2023-06-14 v3.1 Permit use of UTF-8 characters in soul (HO)
 (/usr/share/texlive/texmf-dist/tex/generic/soul/soul-ori.sty
Package: soul-ori 2023-06-14 v3.1 letterspacing/underlining (mf)
\SOUL@word=\toks56
\SOUL@lasttoken=\toks57
\SOUL@syllable=\toks58
\SOUL@cmds=\toks59
\SOUL@buffer=\toks60
\SOUL@token=\toks61
\SOUL@syllgoal=\dimen317
\SOUL@syllwidth=\dimen318
\SOUL@charkern=\dimen319
\SOUL@hyphkern=\dimen320
\SOUL@dimen=\dimen321
\SOUL@dimeni=\dimen322
\SOUL@minus=\count392
\SOUL@comma=\count393
\SOUL@apo=\count394
\SOUL@grave=\count395
\SOUL@spaceskip=\skip88
\SOUL@ttwidth=\dimen323
\SOUL@uldp=\dimen324
\SOUL@ulht=\dimen325
) (/usr/share/texlive/texmf-dist/tex/generic/etexcmds/etexcmds.sty
Package: etexcmds 2019/12/15 v1.7 Avoid name clashes with e-TeX commands (HO)
)) (/usr/share/texlive/texmf-dist/tex/latex/todonotes/todonotes.sty
Package: todonotes 2024/01/05 v1.1.7 Todonotes source and documentation.
Package: todonotes 2024/01/05
\c@@todonotes@numberoftodonotes=\count396
)) (/usr/share/texlive/texmf-dist/tex/latex/tcolorbox/tcolorbox.sty
Package: tcolorbox 2024/01/10 version 6.2.0 text color boxes
 (/usr/share/texlive/texmf-dist/tex/latex/tools/verbatim.sty
Package: verbatim 2023-11-06 v1.5v LaTeX2e package for verbatim enhancements
\every@verbatim=\toks62
\verbatim@line=\toks63
\verbatim@in@stream=\read3
) (/usr/share/texlive/texmf-dist/tex/latex/environ/environ.sty
Package: environ 2014/05/04 v0.3 A new way to define environments
 (/usr/share/texlive/texmf-dist/tex/latex/trimspaces/trimspaces.sty
Package: trimspaces 2009/09/17 v1.1 Trim spaces around a token list
))
\tcb@titlebox=\box139
\tcb@upperbox=\box140
\tcb@lowerbox=\box141
\tcb@phantombox=\box142
\c@tcbbreakpart=\count397
\c@tcblayer=\count398
\c@tcolorbox@number=\count399
\l__tcobox_tmpa_box=\box143
\l__tcobox_tmpa_dim=\dimen326
\tcb@temp=\box144
\tcb@temp=\box145
\tcb@temp=\box146
\tcb@temp=\box147
 (/usr/share/texlive/texmf-dist/tex/latex/tcolorbox/tcbraster.code.tex
Library (tcolorbox): 'tcbraster.code.tex' version '6.2.0'
\c@tcbrastercolumn=\count400
\c@tcbrasterrow=\count401
\c@tcbrasternum=\count402
\c@tcbraster=\count403
) (/usr/share/texlive/texmf-dist/tex/latex/tcolorbox/tcbskins.code.tex
Library (tcolorbox): 'tcbskins.code.tex' version '6.2.0'
(/usr/share/texlive/texmf-dist/tex/latex/tikzfill/tikzfill.image.sty
Package: tikzfill.image 2023/08/08 v1.0.1 Image filling library for TikZ
 (/usr/share/texlive/texmf-dist/tex/latex/tikzfill/tikzfill-common.sty
Package: tikzfill-common 2023/08/08 v1.0.1 Auxiliary code for tikzfill
) (/usr/share/texlive/texmf-dist/tex/latex/tikzfill/tikzlibraryfill.image.code.tex
File: tikzlibraryfill.image.code.tex 2023/08/08 v1.0.1 Image filling library
\l__tikzfill_img_box=\box148
)) (/usr/share/texlive/texmf-dist/tex/latex/tcolorbox/tcbskinsjigsaw.code.tex
Library (tcolorbox): 'tcbskinsjigsaw.code.tex' version '6.2.0'
)) (/usr/share/texlive/texmf-dist/tex/latex/tcolorbox/tcbbreakable.code.tex
Library (tcolorbox): 'tcbbreakable.code.tex' version '6.2.0'
(/usr/share/texlive/texmf-dist/tex/latex/pdfcol/pdfcol.sty
Package: pdfcol 2022-09-21 v1.7 Handle new color stacks for pdfTeX (HO)
)
Package pdfcol Info: New color stack `tcb@breakable' = 1 on input line 23.
\tcb@testbox=\box149
\tcb@totalupperbox=\box150
\tcb@totallowerbox=\box151
) (/usr/share/texlive/texmf-dist/tex/latex/tcolorbox/tcbhooks.code.tex
Library (tcolorbox): 'tcbhooks.code.tex' version '6.2.0'
) (/usr/share/texlive/texmf-dist/tex/latex/tcolorbox/tcbtheorems.code.tex
Library (tcolorbox): 'tcbtheorems.code.tex' version '6.2.0'
) (/usr/share/texlive/texmf-dist/tex/latex/tcolorbox/tcbfitting.code.tex
Library (tcolorbox): 'tcbfitting.code.tex' version '6.2.0'
\tcbfitdim=\dimen327
\tcb@lowerfitdim=\dimen328
\tcb@upperfitdim=\dimen329
\tcb@cur@hbadness=\count404
) (/usr/share/texlive/texmf-dist/tex/latex/tcolorbox/tcblistingsutf8.code.tex
Library (tcolorbox): 'tcblistingsutf8.code.tex' version '6.2.0'
(/usr/share/texlive/texmf-dist/tex/latex/tcolorbox/tcblistings.code.tex
Library (tcolorbox): 'tcblistings.code.tex' version '6.2.0'
(/usr/share/texlive/texmf-dist/tex/latex/listings/listings.sty
\lst@mode=\count405
\lst@gtempboxa=\box152
\lst@token=\toks64
\lst@length=\count406
\lst@currlwidth=\dimen330
\lst@column=\count407
\lst@pos=\count408
\lst@lostspace=\dimen331
\lst@width=\dimen332
\lst@newlines=\count409
\lst@lineno=\count410
\lst@maxwidth=\dimen333
 (/usr/share/texlive/texmf-dist/tex/latex/listings/lstmisc.sty
File: lstmisc.sty 2023/02/27 1.9 (Carsten Heinz)
\c@lstnumber=\count411
\lst@skipnumbers=\count412
\lst@framebox=\box153
) (/usr/share/texlive/texmf-dist/tex/latex/listings/listings.cfg
File: listings.cfg 2023/02/27 1.9 listings configuration
))
Package: listings 2023/02/27 1.9 (Carsten Heinz)
 (/usr/share/texlive/texmf-dist/tex/latex/tcolorbox/tcblistingscore.code.tex
Library (tcolorbox): 'tcblistingscore.code.tex' version '6.2.0'
(/usr/share/texlive/texmf-dist/tex/latex/tcolorbox/tcbprocessing.code.tex
Library (tcolorbox): 'tcbprocessing.code.tex' version '6.2.0'
)
\c@tcblisting=\count413
)) (/usr/share/texlive/texmf-dist/tex/latex/listingsutf8/listingsutf8.sty
Package: listingsutf8 2019-12-10 v1.5 Allow UTF-8 in listings input (HO)
 (/usr/share/texlive/texmf-dist/tex/generic/stringenc/stringenc.sty
Package: stringenc 2019/11/29 v1.12 Convert strings between diff. encodings (HO)
))) (/usr/share/texlive/texmf-dist/tex/latex/tcolorbox/tcbexternal.code.tex
Library (tcolorbox): 'tcbexternal.code.tex' version '6.2.0'
) (/usr/share/texlive/texmf-dist/tex/latex/tcolorbox/tcbmagazine.code.tex
Library (tcolorbox): 'tcbmagazine.code.tex' version '6.2.0'
) (/usr/share/texlive/texmf-dist/tex/latex/tcolorbox/tcbvignette.code.tex
Library (tcolorbox): 'tcbvignette.code.tex' version '6.2.0'
) (/usr/share/texlive/texmf-dist/tex/latex/tcolorbox/tcbposter.code.tex
Library (tcolorbox): 'tcbposter.code.tex' version '6.2.0'
)) (/usr/share/texlive/texmf-dist/tex/latex/beamer/beamerpatchparalist.sty) (/usr/share/texlive/texmf-dist/tex/latex/l3backend/l3backend-pdftex.def
File: l3backend-pdftex.def 2024-01-04 L3 backend support: PDF output (pdfTeX)
\l__color_backend_stack_int=\count414
\l__pdf_internal_box=\box154
)

LaTeX Warning: Unused global option(s):
    [theme=angles,number=2014-00000].

(./main.aux)
\openout1 = `main.aux'.

LaTeX Font Info:    Checking defaults for OML/cmm/m/it on input line 53.
LaTeX Font Info:    ... okay on input line 53.
LaTeX Font Info:    Checking defaults for OMS/cmsy/m/n on input line 53.
LaTeX Font Info:    ... okay on input line 53.
LaTeX Font Info:    Checking defaults for OT1/cmr/m/n on input line 53.
LaTeX Font Info:    ... okay on input line 53.
LaTeX Font Info:    Checking defaults for T1/cmr/m/n on input line 53.
LaTeX Font Info:    ... okay on input line 53.
LaTeX Font Info:    Checking defaults for TS1/cmr/m/n on input line 53.
LaTeX Font Info:    ... okay on input line 53.
LaTeX Font Info:    Checking defaults for OMX/cmex/m/n on input line 53.
LaTeX Font Info:    ... okay on input line 53.
LaTeX Font Info:    Checking defaults for U/cmr/m/n on input line 53.
LaTeX Font Info:    ... okay on input line 53.
LaTeX Font Info:    Checking defaults for PD1/pdf/m/n on input line 53.
LaTeX Font Info:    ... okay on input line 53.
LaTeX Font Info:    Checking defaults for PU/pdf/m/n on input line 53.
LaTeX Font Info:    ... okay on input line 53.
 (/usr/share/texlive/texmf-dist/tex/context/base/mkii/supp-pdf.mkii
[Loading MPS to PDF converter (version 2006.09.02).]
\scratchcounter=\count415
\scratchdimen=\dimen334
\scratchbox=\box155
\nofMPsegments=\count416
\nofMParguments=\count417
\everyMPshowfont=\toks65
\MPscratchCnt=\count418
\MPscratchDim=\dimen335
\MPnumerator=\count419
\makeMPintoPDFobject=\count420
\everyMPtoPDFconversion=\toks66
) (/usr/share/texlive/texmf-dist/tex/latex/epstopdf-pkg/epstopdf-base.sty
Package: epstopdf-base 2020-01-24 v2.11 Base part for package epstopdf
Package epstopdf-base Info: Redefining graphics rule for `.eps' on input line 485.
 (/usr/share/texlive/texmf-dist/tex/latex/latexconfig/epstopdf-sys.cfg
File: epstopdf-sys.cfg 2010/07/13 v1.3 Configuration of (r)epstopdf for TeX Live
)) (/usr/share/texlive/texmf-dist/tex/latex/fmtcount/fc-english.def
File: fc-english.def 2016/01/12
)
*geometry* driver: auto-detecting
*geometry* detected driver: pdftex
*geometry* verbose mode - [ preamble ] result:
* driver: pdftex
* paper: custom
* layout: <same size as paper>
* layoutoffset:(h,v)=(0.0pt,0.0pt)
* modes: includehead includefoot 
* h-part:(L,W,R)=(28.45274pt, 398.3386pt, 28.45274pt)
* v-part:(T,H,B)=(0.0pt, 256.0748pt, 0.0pt)
* \paperwidth=455.24408pt
* \paperheight=256.0748pt
* \textwidth=398.3386pt
* \textheight=227.62207pt
* \oddsidemargin=-43.81725pt
* \evensidemargin=-43.81725pt
* \topmargin=-72.26999pt
* \headheight=14.22636pt
* \headsep=0.0pt
* \topskip=11.0pt
* \footskip=14.22636pt
* \marginparwidth=4.0pt
* \marginparsep=10.0pt
* \columnsep=10.0pt
* \skip\footins=10.0pt plus 4.0pt minus 2.0pt
* \hoffset=0.0pt
* \voffset=0.0pt
* \mag=1000
* \@twocolumnfalse
* \@twosidefalse
* \@mparswitchfalse
* \@reversemarginfalse
* (1in=72.27pt=25.4mm, 1cm=28.453pt)

Package hyperref Info: Link coloring OFF on input line 53.
(./main.out) (./main.out)
\@outlinefile=\write5
\openout5 = `main.out'.

 (/usr/share/texlive/texmf-dist/tex/latex/translator/translator-basic-dictionary-English.dict
Dictionary: translator-basic-dictionary, Language: English 
) (/usr/share/texlive/texmf-dist/tex/latex/translator/translator-bibliography-dictionary-English.dict
Dictionary: translator-bibliography-dictionary, Language: English 
) (/usr/share/texlive/texmf-dist/tex/latex/translator/translator-environment-dictionary-English.dict
Dictionary: translator-environment-dictionary, Language: English 
) (/usr/share/texlive/texmf-dist/tex/latex/translator/translator-months-dictionary-English.dict
Dictionary: translator-months-dictionary, Language: English 
) (/usr/share/texlive/texmf-dist/tex/latex/translator/translator-numbers-dictionary-English.dict
Dictionary: translator-numbers-dictionary, Language: English 
) (/usr/share/texlive/texmf-dist/tex/latex/translator/translator-theorem-dictionary-English.dict
Dictionary: translator-theorem-dictionary, Language: English 
)

Package todonotes Warning: The length marginparwidth is less than 2cm and will most likely cause issues with the appearance of inserted todonotes. The issue can be solved by adding a line like \setlength {\marginparwidth }{2cm} prior to loading the todonotes package. on input line 53.

\c@lstlisting=\count421
(/usr/share/texlive/texmf-dist/tex/latex/base/inputenc.sty
Package: inputenc 2021/02/14 v1.3d Input encoding file
\inpenc@prehook=\toks67
\inpenc@posthook=\toks68
) (./main.nav)
<assets/vrainbow.png, id=49, 541.27219pt x 4.51688pt>
File: assets/vrainbow.png Graphic file (type png)
<use assets/vrainbow.png>
Package pdftex.def Info: assets/vrainbow.png  used on input line 53.
(pdftex.def)             Requested size: 85.35826pt x 0.7123pt.
<assets/header-tbird.png, id=51, 20.32594pt x 19.57312pt>
File: assets/header-tbird.png Graphic file (type png)
<use assets/header-tbird.png>
Package pdftex.def Info: assets/header-tbird.png  used on input line 53.
(pdftex.def)             Requested size: 12.76477pt x 12.29161pt.
<assets/rainbow.png, id=52, 742.27313pt x 3.01125pt>
File: assets/rainbow.png Graphic file (type png)
<use assets/rainbow.png>
Package pdftex.def Info: assets/rainbow.png  used on input line 55.
(pdftex.def)             Requested size: 364.19527pt x 1.4775pt.

Underfull \hbox (badness 10000) in paragraph at lines 55--55
 [][][]\T1/cmss/m/n/3 Sandia Na-tional Lab-o-ra-to-ries is a mul-ti-mis-sion lab-o-ra-tory man-aged and op-er-ated by Na-tional Tech-nol-ogy and
 []


Underfull \hbox (badness 10000) in paragraph at lines 55--55
 \T1/cmss/m/n/3 En-gi-neer-ing So-lu-tions of San-dia LLC, a wholly owned sub-sidiary of Hon-ey-well In-ter-na-tional Inc. for the
 []


Underfull \hbox (badness 10000) in paragraph at lines 55--55
 \T1/cmss/m/n/3 U.S. De-part-ment of En-ergy's Na-tional Nu-clear Se-cu-rity Ad-min-is-tra-tion un-der con-tract DE-NA0003525.
 []


Underfull \hbox (badness 10000) in paragraph at lines 55--55
 []\T1/cmss/m/n/3 SAND NO. 2014-00000[]
 []

<assets/doe-black.png, id=53, 2136.98375pt x 517.935pt>
File: assets/doe-black.png Graphic file (type png)
<use assets/doe-black.png>
Package pdftex.def Info: assets/doe-black.png  used on input line 55.
(pdftex.def)             Requested size: 29.34692pt x 7.11317pt.
<assets/NNSA_Logo_Black.jpg, id=54, 250.536pt x 69.6201pt>
File: assets/NNSA_Logo_Black.jpg Graphic file (type jpg)
<use assets/NNSA_Logo_Black.jpg>
Package pdftex.def Info: assets/NNSA_Logo_Black.jpg  used on input line 55.
(pdftex.def)             Requested size: 25.59409pt x 7.11317pt.
<assets/snl-grey-title.pdf, id=55, 113.35172pt x 113.5265pt>
File: assets/snl-grey-title.pdf Graphic file (type pdf)
<use assets/snl-grey-title.pdf>
Package pdftex.def Info: assets/snl-grey-title.pdf  used on input line 55.
(pdftex.def)             Requested size: 113.35143pt x 113.52621pt.
<assets/snl-white.png, id=56, 144.9614pt x 55.83542pt>
File: assets/snl-white.png Graphic file (type png)
<use assets/snl-white.png>
Package pdftex.def Info: assets/snl-white.png  used on input line 55.
(pdftex.def)             Requested size: 59.09612pt x 22.76219pt.
[1

{/var/lib/texmf/fonts/map/pdftex/updmap/pdftex.map}{/usr/share/texmf/fonts/enc/dvips/cm-super/cm-super-t1.enc} <./assets/rainbow.png> <./assets/doe-black.png> <./assets/NNSA_Logo_Black.jpg> <./assets/snl-grey-title.pdf> <./assets/snl-white.png>] (./source/results.tex
File: assets/vrainbow.png Graphic file (type png)
<use assets/vrainbow.png>
Package pdftex.def Info: assets/vrainbow.png  used on input line 6.
(pdftex.def)             Requested size: 85.35826pt x 0.7123pt.
File: assets/header-tbird.png Graphic file (type png)
<use assets/header-tbird.png>
Package pdftex.def Info: assets/header-tbird.png  used on input line 6.
(pdftex.def)             Requested size: 12.76477pt x 12.29161pt.
File: assets/vrainbow.png Graphic file (type png)
<use assets/vrainbow.png>
Package pdftex.def Info: assets/vrainbow.png  used on input line 6.
(pdftex.def)             Requested size: 85.35826pt x 0.7123pt.
File: assets/header-tbird.png Graphic file (type png)
<use assets/header-tbird.png>
Package pdftex.def Info: assets/header-tbird.png  used on input line 6.
(pdftex.def)             Requested size: 12.76477pt x 12.29161pt.
 [2

 <./assets/vrainbow.png> <./assets/header-tbird.png>]
File: assets/vrainbow.png Graphic file (type png)
<use assets/vrainbow.png>
Package pdftex.def Info: assets/vrainbow.png  used on input line 38.
(pdftex.def)             Requested size: 85.35826pt x 0.7123pt.
File: assets/header-tbird.png Graphic file (type png)
<use assets/header-tbird.png>
Package pdftex.def Info: assets/header-tbird.png  used on input line 38.
(pdftex.def)             Requested size: 12.76477pt x 12.29161pt.
<../figs/pirom/tps.png, id=81, 675.57996pt x 407.02464pt>
File: ../figs/pirom/tps.png Graphic file (type png)
<use ../figs/pirom/tps.png>
Package pdftex.def Info: ../figs/pirom/tps.png  used on input line 38.
(pdftex.def)             Requested size: 250.9505pt x 151.19298pt.
LaTeX Font Info:    Trying to load font information for U+msa on input line 38.
 (/usr/share/texlive/texmf-dist/tex/latex/amsfonts/umsa.fd
File: umsa.fd 2013/01/14 v3.01 AMS symbols A
)
LaTeX Font Info:    Trying to load font information for U+msb on input line 38.
 (/usr/share/texlive/texmf-dist/tex/latex/amsfonts/umsb.fd
File: umsb.fd 2013/01/14 v3.01 AMS symbols B
)
File: assets/vrainbow.png Graphic file (type png)
<use assets/vrainbow.png>
Package pdftex.def Info: assets/vrainbow.png  used on input line 38.
(pdftex.def)             Requested size: 85.35826pt x 0.7123pt.
File: assets/header-tbird.png Graphic file (type png)
<use assets/header-tbird.png>
Package pdftex.def Info: assets/header-tbird.png  used on input line 38.
(pdftex.def)             Requested size: 12.76477pt x 12.29161pt.
 [3

 <../figs/pirom/tps.png>]
File: ../figs/pirom/tps.png Graphic file (type png)
<use ../figs/pirom/tps.png>
Package pdftex.def Info: ../figs/pirom/tps.png  used on input line 38.
(pdftex.def)             Requested size: 250.9505pt x 151.19298pt.
File: assets/vrainbow.png Graphic file (type png)
<use assets/vrainbow.png>
Package pdftex.def Info: assets/vrainbow.png  used on input line 38.
(pdftex.def)             Requested size: 85.35826pt x 0.7123pt.
File: assets/header-tbird.png Graphic file (type png)
<use assets/header-tbird.png>
Package pdftex.def Info: assets/header-tbird.png  used on input line 38.
(pdftex.def)             Requested size: 12.76477pt x 12.29161pt.
 [4

]
File: ../figs/pirom/tps.png Graphic file (type png)
<use ../figs/pirom/tps.png>
Package pdftex.def Info: ../figs/pirom/tps.png  used on input line 38.
(pdftex.def)             Requested size: 250.9505pt x 151.19298pt.
File: assets/vrainbow.png Graphic file (type png)
<use assets/vrainbow.png>
Package pdftex.def Info: assets/vrainbow.png  used on input line 38.
(pdftex.def)             Requested size: 85.35826pt x 0.7123pt.
File: assets/header-tbird.png Graphic file (type png)
<use assets/header-tbird.png>
Package pdftex.def Info: assets/header-tbird.png  used on input line 38.
(pdftex.def)             Requested size: 12.76477pt x 12.29161pt.
 [5

]
File: ../figs/pirom/tps.png Graphic file (type png)
<use ../figs/pirom/tps.png>
Package pdftex.def Info: ../figs/pirom/tps.png  used on input line 38.
(pdftex.def)             Requested size: 250.9505pt x 151.19298pt.
File: assets/vrainbow.png Graphic file (type png)
<use assets/vrainbow.png>
Package pdftex.def Info: assets/vrainbow.png  used on input line 38.
(pdftex.def)             Requested size: 85.35826pt x 0.7123pt.
File: assets/header-tbird.png Graphic file (type png)
<use assets/header-tbird.png>
Package pdftex.def Info: assets/header-tbird.png  used on input line 38.
(pdftex.def)             Requested size: 12.76477pt x 12.29161pt.
 [6

]
File: assets/vrainbow.png Graphic file (type png)
<use assets/vrainbow.png>
Package pdftex.def Info: assets/vrainbow.png  used on input line 63.
(pdftex.def)             Requested size: 85.35826pt x 0.7123pt.
File: assets/header-tbird.png Graphic file (type png)
<use assets/header-tbird.png>
Package pdftex.def Info: assets/header-tbird.png  used on input line 63.
(pdftex.def)             Requested size: 12.76477pt x 12.29161pt.
File: assets/vrainbow.png Graphic file (type png)
<use assets/vrainbow.png>
Package pdftex.def Info: assets/vrainbow.png  used on input line 63.
(pdftex.def)             Requested size: 85.35826pt x 0.7123pt.
File: assets/header-tbird.png Graphic file (type png)
<use assets/header-tbird.png>
Package pdftex.def Info: assets/header-tbird.png  used on input line 63.
(pdftex.def)             Requested size: 12.76477pt x 12.29161pt.
 [7

]
<../figs/pirom/tps_data_1.png, id=119, 1138.2525pt x 569.12625pt>
File: ../figs/pirom/tps_data_1.png Graphic file (type png)
<use ../figs/pirom/tps_data_1.png>
Package pdftex.def Info: ../figs/pirom/tps_data_1.png  used on input line 63.
(pdftex.def)             Requested size: 318.67209pt x 159.33688pt.
File: assets/vrainbow.png Graphic file (type png)
<use assets/vrainbow.png>
Package pdftex.def Info: assets/vrainbow.png  used on input line 63.
(pdftex.def)             Requested size: 85.35826pt x 0.7123pt.
File: assets/header-tbird.png Graphic file (type png)
<use assets/header-tbird.png>
Package pdftex.def Info: assets/header-tbird.png  used on input line 63.
(pdftex.def)             Requested size: 12.76477pt x 12.29161pt.
 [8

 <../figs/pirom/tps_data_1.png>]
<../figs/pirom/tps_data_2.png, id=126, 1138.2525pt x 569.12625pt>
File: ../figs/pirom/tps_data_2.png Graphic file (type png)
<use ../figs/pirom/tps_data_2.png>
Package pdftex.def Info: ../figs/pirom/tps_data_2.png  used on input line 63.
(pdftex.def)             Requested size: 318.67209pt x 159.33688pt.
File: assets/vrainbow.png Graphic file (type png)
<use assets/vrainbow.png>
Package pdftex.def Info: assets/vrainbow.png  used on input line 63.
(pdftex.def)             Requested size: 85.35826pt x 0.7123pt.
File: assets/header-tbird.png Graphic file (type png)
<use assets/header-tbird.png>
Package pdftex.def Info: assets/header-tbird.png  used on input line 63.
(pdftex.def)             Requested size: 12.76477pt x 12.29161pt.
 [9

 <../figs/pirom/tps_data_2.png>]
<../figs/pirom/tps_data_3.png, id=133, 1138.2525pt x 569.12625pt>
File: ../figs/pirom/tps_data_3.png Graphic file (type png)
<use ../figs/pirom/tps_data_3.png>
Package pdftex.def Info: ../figs/pirom/tps_data_3.png  used on input line 63.
(pdftex.def)             Requested size: 318.67209pt x 159.33688pt.
File: assets/vrainbow.png Graphic file (type png)
<use assets/vrainbow.png>
Package pdftex.def Info: assets/vrainbow.png  used on input line 63.
(pdftex.def)             Requested size: 85.35826pt x 0.7123pt.
File: assets/header-tbird.png Graphic file (type png)
<use assets/header-tbird.png>
Package pdftex.def Info: assets/header-tbird.png  used on input line 63.
(pdftex.def)             Requested size: 12.76477pt x 12.29161pt.
 [10

 <../figs/pirom/tps_data_3.png>]
<../figs/pirom/tps_data_4.png, id=140, 1138.2525pt x 569.12625pt>
File: ../figs/pirom/tps_data_4.png Graphic file (type png)
<use ../figs/pirom/tps_data_4.png>
Package pdftex.def Info: ../figs/pirom/tps_data_4.png  used on input line 63.
(pdftex.def)             Requested size: 318.67209pt x 159.33688pt.
File: assets/vrainbow.png Graphic file (type png)
<use assets/vrainbow.png>
Package pdftex.def Info: assets/vrainbow.png  used on input line 63.
(pdftex.def)             Requested size: 85.35826pt x 0.7123pt.
File: assets/header-tbird.png Graphic file (type png)
<use assets/header-tbird.png>
Package pdftex.def Info: assets/header-tbird.png  used on input line 63.
(pdftex.def)             Requested size: 12.76477pt x 12.29161pt.
 [11

 <../figs/pirom/tps_data_4.png>]
File: assets/vrainbow.png Graphic file (type png)
<use assets/vrainbow.png>
Package pdftex.def Info: assets/vrainbow.png  used on input line 103.
(pdftex.def)             Requested size: 85.35826pt x 0.7123pt.
File: assets/header-tbird.png Graphic file (type png)
<use assets/header-tbird.png>
Package pdftex.def Info: assets/header-tbird.png  used on input line 103.
(pdftex.def)             Requested size: 12.76477pt x 12.29161pt.
<../figs/introduction/itm.png, id=147, 776.9025pt x 496.85625pt>
File: ../figs/introduction/itm.png Graphic file (type png)
<use ../figs/introduction/itm.png>
Package pdftex.def Info: ../figs/introduction/itm.png  used on input line 103.
(pdftex.def)             Requested size: 125.47798pt x 80.2416pt.
File: assets/vrainbow.png Graphic file (type png)
<use assets/vrainbow.png>
Package pdftex.def Info: assets/vrainbow.png  used on input line 103.
(pdftex.def)             Requested size: 85.35826pt x 0.7123pt.
File: assets/header-tbird.png Graphic file (type png)
<use assets/header-tbird.png>
Package pdftex.def Info: assets/header-tbird.png  used on input line 103.
(pdftex.def)             Requested size: 12.76477pt x 12.29161pt.
 [12

 <../figs/introduction/itm.png>]
File: ../figs/introduction/itm.png Graphic file (type png)
<use ../figs/introduction/itm.png>
Package pdftex.def Info: ../figs/introduction/itm.png  used on input line 103.
(pdftex.def)             Requested size: 125.47798pt x 80.2416pt.
File: assets/vrainbow.png Graphic file (type png)
<use assets/vrainbow.png>
Package pdftex.def Info: assets/vrainbow.png  used on input line 103.
(pdftex.def)             Requested size: 85.35826pt x 0.7123pt.
File: assets/header-tbird.png Graphic file (type png)
<use assets/header-tbird.png>
Package pdftex.def Info: assets/header-tbird.png  used on input line 103.
(pdftex.def)             Requested size: 12.76477pt x 12.29161pt.
 [13

]
File: ../figs/introduction/itm.png Graphic file (type png)
<use ../figs/introduction/itm.png>
Package pdftex.def Info: ../figs/introduction/itm.png  used on input line 103.
(pdftex.def)             Requested size: 125.47798pt x 80.2416pt.
File: assets/vrainbow.png Graphic file (type png)
<use assets/vrainbow.png>
Package pdftex.def Info: assets/vrainbow.png  used on input line 103.
(pdftex.def)             Requested size: 85.35826pt x 0.7123pt.
File: assets/header-tbird.png Graphic file (type png)
<use assets/header-tbird.png>
Package pdftex.def Info: assets/header-tbird.png  used on input line 103.
(pdftex.def)             Requested size: 12.76477pt x 12.29161pt.
 [14

]
File: ../figs/introduction/itm.png Graphic file (type png)
<use ../figs/introduction/itm.png>
Package pdftex.def Info: ../figs/introduction/itm.png  used on input line 103.
(pdftex.def)             Requested size: 125.47798pt x 80.2416pt.
File: assets/vrainbow.png Graphic file (type png)
<use assets/vrainbow.png>
Package pdftex.def Info: assets/vrainbow.png  used on input line 103.
(pdftex.def)             Requested size: 85.35826pt x 0.7123pt.
File: assets/header-tbird.png Graphic file (type png)
<use assets/header-tbird.png>
Package pdftex.def Info: assets/header-tbird.png  used on input line 103.
(pdftex.def)             Requested size: 12.76477pt x 12.29161pt.
 [15

]
File: ../figs/introduction/itm.png Graphic file (type png)
<use ../figs/introduction/itm.png>
Package pdftex.def Info: ../figs/introduction/itm.png  used on input line 103.
(pdftex.def)             Requested size: 125.47798pt x 80.2416pt.
File: assets/vrainbow.png Graphic file (type png)
<use assets/vrainbow.png>
Package pdftex.def Info: assets/vrainbow.png  used on input line 103.
(pdftex.def)             Requested size: 85.35826pt x 0.7123pt.
File: assets/header-tbird.png Graphic file (type png)
<use assets/header-tbird.png>
Package pdftex.def Info: assets/header-tbird.png  used on input line 103.
(pdftex.def)             Requested size: 12.76477pt x 12.29161pt.
 [16

]
File: assets/vrainbow.png Graphic file (type png)
<use assets/vrainbow.png>
Package pdftex.def Info: assets/vrainbow.png  used on input line 137.
(pdftex.def)             Requested size: 85.35826pt x 0.7123pt.
File: assets/header-tbird.png Graphic file (type png)
<use assets/header-tbird.png>
Package pdftex.def Info: assets/header-tbird.png  used on input line 137.
(pdftex.def)             Requested size: 12.76477pt x 12.29161pt.
File: assets/vrainbow.png Graphic file (type png)
<use assets/vrainbow.png>
Package pdftex.def Info: assets/vrainbow.png  used on input line 137.
(pdftex.def)             Requested size: 85.35826pt x 0.7123pt.
File: assets/header-tbird.png Graphic file (type png)
<use assets/header-tbird.png>
Package pdftex.def Info: assets/header-tbird.png  used on input line 137.
(pdftex.def)             Requested size: 12.76477pt x 12.29161pt.
 [17

]
<../figs/pirom/performance_1.png, id=185, 1707.16194pt x 569.05399pt>
File: ../figs/pirom/performance_1.png Graphic file (type png)
<use ../figs/pirom/performance_1.png>
Package pdftex.def Info: ../figs/pirom/performance_1.png  used on input line 137.
(pdftex.def)             Requested size: 418.25673pt x 139.4151pt.

Overfull \hbox (19.91814pt too wide) in paragraph at lines 137--137
 [] 
 []

File: assets/vrainbow.png Graphic file (type png)
<use assets/vrainbow.png>
Package pdftex.def Info: assets/vrainbow.png  used on input line 137.
(pdftex.def)             Requested size: 85.35826pt x 0.7123pt.
File: assets/header-tbird.png Graphic file (type png)
<use assets/header-tbird.png>
Package pdftex.def Info: assets/header-tbird.png  used on input line 137.
(pdftex.def)             Requested size: 12.76477pt x 12.29161pt.
[18

 <../figs/pirom/performance_1.png>]
<../figs/pirom/performance_2.png, id=192, 1707.16194pt x 569.05399pt>
File: ../figs/pirom/performance_2.png Graphic file (type png)
<use ../figs/pirom/performance_2.png>
Package pdftex.def Info: ../figs/pirom/performance_2.png  used on input line 137.
(pdftex.def)             Requested size: 418.25673pt x 139.4151pt.

Overfull \hbox (19.91814pt too wide) in paragraph at lines 137--137
 [] 
 []

File: assets/vrainbow.png Graphic file (type png)
<use assets/vrainbow.png>
Package pdftex.def Info: assets/vrainbow.png  used on input line 137.
(pdftex.def)             Requested size: 85.35826pt x 0.7123pt.
File: assets/header-tbird.png Graphic file (type png)
<use assets/header-tbird.png>
Package pdftex.def Info: assets/header-tbird.png  used on input line 137.
(pdftex.def)             Requested size: 12.76477pt x 12.29161pt.
[19

 <../figs/pirom/performance_2.png>]
<../figs/pirom/performance_3.png, id=200, 1707.16194pt x 569.05399pt>
File: ../figs/pirom/performance_3.png Graphic file (type png)
<use ../figs/pirom/performance_3.png>
Package pdftex.def Info: ../figs/pirom/performance_3.png  used on input line 137.
(pdftex.def)             Requested size: 418.25673pt x 139.4151pt.

Overfull \hbox (19.91814pt too wide) in paragraph at lines 137--137
 [] 
 []

File: assets/vrainbow.png Graphic file (type png)
<use assets/vrainbow.png>
Package pdftex.def Info: assets/vrainbow.png  used on input line 137.
(pdftex.def)             Requested size: 85.35826pt x 0.7123pt.
File: assets/header-tbird.png Graphic file (type png)
<use assets/header-tbird.png>
Package pdftex.def Info: assets/header-tbird.png  used on input line 137.
(pdftex.def)             Requested size: 12.76477pt x 12.29161pt.
[20

 <../figs/pirom/performance_3.png>]
<../figs/pirom/performance_4.png, id=207, 1707.16194pt x 569.05399pt>
File: ../figs/pirom/performance_4.png Graphic file (type png)
<use ../figs/pirom/performance_4.png>
Package pdftex.def Info: ../figs/pirom/performance_4.png  used on input line 137.
(pdftex.def)             Requested size: 418.25673pt x 139.4151pt.

Overfull \hbox (19.91814pt too wide) in paragraph at lines 137--137
 [] 
 []

File: assets/vrainbow.png Graphic file (type png)
<use assets/vrainbow.png>
Package pdftex.def Info: assets/vrainbow.png  used on input line 137.
(pdftex.def)             Requested size: 85.35826pt x 0.7123pt.
File: assets/header-tbird.png Graphic file (type png)
<use assets/header-tbird.png>
Package pdftex.def Info: assets/header-tbird.png  used on input line 137.
(pdftex.def)             Requested size: 12.76477pt x 12.29161pt.
[21

 <../figs/pirom/performance_4.png>]
<../figs/pirom/performance_5.png, id=215, 1707.16194pt x 569.05399pt>
File: ../figs/pirom/performance_5.png Graphic file (type png)
<use ../figs/pirom/performance_5.png>
Package pdftex.def Info: ../figs/pirom/performance_5.png  used on input line 137.
(pdftex.def)             Requested size: 418.25673pt x 139.4151pt.

Overfull \hbox (19.91814pt too wide) in paragraph at lines 137--137
 [] 
 []

File: assets/vrainbow.png Graphic file (type png)
<use assets/vrainbow.png>
Package pdftex.def Info: assets/vrainbow.png  used on input line 137.
(pdftex.def)             Requested size: 85.35826pt x 0.7123pt.
File: assets/header-tbird.png Graphic file (type png)
<use assets/header-tbird.png>
Package pdftex.def Info: assets/header-tbird.png  used on input line 137.
(pdftex.def)             Requested size: 12.76477pt x 12.29161pt.
[22

 <../figs/pirom/performance_5.png>]
File: assets/vrainbow.png Graphic file (type png)
<use assets/vrainbow.png>
Package pdftex.def Info: assets/vrainbow.png  used on input line 183.
(pdftex.def)             Requested size: 85.35826pt x 0.7123pt.
File: assets/header-tbird.png Graphic file (type png)
<use assets/header-tbird.png>
Package pdftex.def Info: assets/header-tbird.png  used on input line 183.
(pdftex.def)             Requested size: 12.76477pt x 12.29161pt.
File: ../figs/introduction/itm.png Graphic file (type png)
<use ../figs/introduction/itm.png>
Package pdftex.def Info: ../figs/introduction/itm.png  used on input line 183.
(pdftex.def)             Requested size: 107.55177pt x 68.7785pt.
<../figs/pirom/checkmark.png, id=222, 501.875pt x 501.875pt>
File: ../figs/pirom/checkmark.png Graphic file (type png)
<use ../figs/pirom/checkmark.png>
Package pdftex.def Info: ../figs/pirom/checkmark.png  used on input line 183.
(pdftex.def)             Requested size: 19.91814pt x 19.91075pt.
File: ../figs/pirom/checkmark.png Graphic file (type png)
<use ../figs/pirom/checkmark.png>
Package pdftex.def Info: ../figs/pirom/checkmark.png  used on input line 183.
(pdftex.def)             Requested size: 19.91814pt x 19.91075pt.
File: ../figs/pirom/checkmark.png Graphic file (type png)
<use ../figs/pirom/checkmark.png>
Package pdftex.def Info: ../figs/pirom/checkmark.png  used on input line 183.
(pdftex.def)             Requested size: 19.91814pt x 19.91075pt.
File: assets/vrainbow.png Graphic file (type png)
<use assets/vrainbow.png>
Package pdftex.def Info: assets/vrainbow.png  used on input line 183.
(pdftex.def)             Requested size: 85.35826pt x 0.7123pt.
File: assets/header-tbird.png Graphic file (type png)
<use assets/header-tbird.png>
Package pdftex.def Info: assets/header-tbird.png  used on input line 183.
(pdftex.def)             Requested size: 12.76477pt x 12.29161pt.
 [23

 <../figs/pirom/checkmark.png>]
File: ../figs/introduction/itm.png Graphic file (type png)
<use ../figs/introduction/itm.png>
Package pdftex.def Info: ../figs/introduction/itm.png  used on input line 183.
(pdftex.def)             Requested size: 107.55177pt x 68.7785pt.
File: ../figs/pirom/checkmark.png Graphic file (type png)
<use ../figs/pirom/checkmark.png>
Package pdftex.def Info: ../figs/pirom/checkmark.png  used on input line 183.
(pdftex.def)             Requested size: 19.91814pt x 19.91075pt.
File: ../figs/pirom/checkmark.png Graphic file (type png)
<use ../figs/pirom/checkmark.png>
Package pdftex.def Info: ../figs/pirom/checkmark.png  used on input line 183.
(pdftex.def)             Requested size: 19.91814pt x 19.91075pt.
File: ../figs/pirom/checkmark.png Graphic file (type png)
<use ../figs/pirom/checkmark.png>
Package pdftex.def Info: ../figs/pirom/checkmark.png  used on input line 183.
(pdftex.def)             Requested size: 19.91814pt x 19.91075pt.
File: assets/vrainbow.png Graphic file (type png)
<use assets/vrainbow.png>
Package pdftex.def Info: assets/vrainbow.png  used on input line 183.
(pdftex.def)             Requested size: 85.35826pt x 0.7123pt.
File: assets/header-tbird.png Graphic file (type png)
<use assets/header-tbird.png>
Package pdftex.def Info: assets/header-tbird.png  used on input line 183.
(pdftex.def)             Requested size: 12.76477pt x 12.29161pt.
 [24

]
File: ../figs/introduction/itm.png Graphic file (type png)
<use ../figs/introduction/itm.png>
Package pdftex.def Info: ../figs/introduction/itm.png  used on input line 183.
(pdftex.def)             Requested size: 107.55177pt x 68.7785pt.
File: ../figs/pirom/checkmark.png Graphic file (type png)
<use ../figs/pirom/checkmark.png>
Package pdftex.def Info: ../figs/pirom/checkmark.png  used on input line 183.
(pdftex.def)             Requested size: 19.91814pt x 19.91075pt.
File: ../figs/pirom/checkmark.png Graphic file (type png)
<use ../figs/pirom/checkmark.png>
Package pdftex.def Info: ../figs/pirom/checkmark.png  used on input line 183.
(pdftex.def)             Requested size: 19.91814pt x 19.91075pt.
File: ../figs/pirom/checkmark.png Graphic file (type png)
<use ../figs/pirom/checkmark.png>
Package pdftex.def Info: ../figs/pirom/checkmark.png  used on input line 183.
(pdftex.def)             Requested size: 19.91814pt x 19.91075pt.
File: assets/vrainbow.png Graphic file (type png)
<use assets/vrainbow.png>
Package pdftex.def Info: assets/vrainbow.png  used on input line 183.
(pdftex.def)             Requested size: 85.35826pt x 0.7123pt.
File: assets/header-tbird.png Graphic file (type png)
<use assets/header-tbird.png>
Package pdftex.def Info: assets/header-tbird.png  used on input line 183.
(pdftex.def)             Requested size: 12.76477pt x 12.29161pt.
 [25

]
File: ../figs/introduction/itm.png Graphic file (type png)
<use ../figs/introduction/itm.png>
Package pdftex.def Info: ../figs/introduction/itm.png  used on input line 183.
(pdftex.def)             Requested size: 107.55177pt x 68.7785pt.
File: ../figs/pirom/checkmark.png Graphic file (type png)
<use ../figs/pirom/checkmark.png>
Package pdftex.def Info: ../figs/pirom/checkmark.png  used on input line 183.
(pdftex.def)             Requested size: 19.91814pt x 19.91075pt.
File: ../figs/pirom/checkmark.png Graphic file (type png)
<use ../figs/pirom/checkmark.png>
Package pdftex.def Info: ../figs/pirom/checkmark.png  used on input line 183.
(pdftex.def)             Requested size: 19.91814pt x 19.91075pt.
File: ../figs/pirom/checkmark.png Graphic file (type png)
<use ../figs/pirom/checkmark.png>
Package pdftex.def Info: ../figs/pirom/checkmark.png  used on input line 183.
(pdftex.def)             Requested size: 19.91814pt x 19.91075pt.
File: assets/vrainbow.png Graphic file (type png)
<use assets/vrainbow.png>
Package pdftex.def Info: assets/vrainbow.png  used on input line 183.
(pdftex.def)             Requested size: 85.35826pt x 0.7123pt.
File: assets/header-tbird.png Graphic file (type png)
<use assets/header-tbird.png>
Package pdftex.def Info: assets/header-tbird.png  used on input line 183.
(pdftex.def)             Requested size: 12.76477pt x 12.29161pt.
 [26

]
File: ../figs/introduction/itm.png Graphic file (type png)
<use ../figs/introduction/itm.png>
Package pdftex.def Info: ../figs/introduction/itm.png  used on input line 183.
(pdftex.def)             Requested size: 107.55177pt x 68.7785pt.
File: ../figs/pirom/checkmark.png Graphic file (type png)
<use ../figs/pirom/checkmark.png>
Package pdftex.def Info: ../figs/pirom/checkmark.png  used on input line 183.
(pdftex.def)             Requested size: 19.91814pt x 19.91075pt.
File: ../figs/pirom/checkmark.png Graphic file (type png)
<use ../figs/pirom/checkmark.png>
Package pdftex.def Info: ../figs/pirom/checkmark.png  used on input line 183.
(pdftex.def)             Requested size: 19.91814pt x 19.91075pt.
File: ../figs/pirom/checkmark.png Graphic file (type png)
<use ../figs/pirom/checkmark.png>
Package pdftex.def Info: ../figs/pirom/checkmark.png  used on input line 183.
(pdftex.def)             Requested size: 19.91814pt x 19.91075pt.
File: assets/vrainbow.png Graphic file (type png)
<use assets/vrainbow.png>
Package pdftex.def Info: assets/vrainbow.png  used on input line 183.
(pdftex.def)             Requested size: 85.35826pt x 0.7123pt.
File: assets/header-tbird.png Graphic file (type png)
<use assets/header-tbird.png>
Package pdftex.def Info: assets/header-tbird.png  used on input line 183.
(pdftex.def)             Requested size: 12.76477pt x 12.29161pt.
 [27

]
File: ../figs/introduction/itm.png Graphic file (type png)
<use ../figs/introduction/itm.png>
Package pdftex.def Info: ../figs/introduction/itm.png  used on input line 183.
(pdftex.def)             Requested size: 107.55177pt x 68.7785pt.
File: ../figs/pirom/checkmark.png Graphic file (type png)
<use ../figs/pirom/checkmark.png>
Package pdftex.def Info: ../figs/pirom/checkmark.png  used on input line 183.
(pdftex.def)             Requested size: 19.91814pt x 19.91075pt.
File: ../figs/pirom/checkmark.png Graphic file (type png)
<use ../figs/pirom/checkmark.png>
Package pdftex.def Info: ../figs/pirom/checkmark.png  used on input line 183.
(pdftex.def)             Requested size: 19.91814pt x 19.91075pt.
File: ../figs/pirom/checkmark.png Graphic file (type png)
<use ../figs/pirom/checkmark.png>
Package pdftex.def Info: ../figs/pirom/checkmark.png  used on input line 183.
(pdftex.def)             Requested size: 19.91814pt x 19.91075pt.
File: assets/vrainbow.png Graphic file (type png)
<use assets/vrainbow.png>
Package pdftex.def Info: assets/vrainbow.png  used on input line 183.
(pdftex.def)             Requested size: 85.35826pt x 0.7123pt.
File: assets/header-tbird.png Graphic file (type png)
<use assets/header-tbird.png>
Package pdftex.def Info: assets/header-tbird.png  used on input line 183.
(pdftex.def)             Requested size: 12.76477pt x 12.29161pt.
 [28

]
File: ../figs/introduction/itm.png Graphic file (type png)
<use ../figs/introduction/itm.png>
Package pdftex.def Info: ../figs/introduction/itm.png  used on input line 183.
(pdftex.def)             Requested size: 107.55177pt x 68.7785pt.
File: ../figs/pirom/checkmark.png Graphic file (type png)
<use ../figs/pirom/checkmark.png>
Package pdftex.def Info: ../figs/pirom/checkmark.png  used on input line 183.
(pdftex.def)             Requested size: 19.91814pt x 19.91075pt.
File: ../figs/pirom/checkmark.png Graphic file (type png)
<use ../figs/pirom/checkmark.png>
Package pdftex.def Info: ../figs/pirom/checkmark.png  used on input line 183.
(pdftex.def)             Requested size: 19.91814pt x 19.91075pt.
File: ../figs/pirom/checkmark.png Graphic file (type png)
<use ../figs/pirom/checkmark.png>
Package pdftex.def Info: ../figs/pirom/checkmark.png  used on input line 183.
(pdftex.def)             Requested size: 19.91814pt x 19.91075pt.
File: assets/vrainbow.png Graphic file (type png)
<use assets/vrainbow.png>
Package pdftex.def Info: assets/vrainbow.png  used on input line 183.
(pdftex.def)             Requested size: 85.35826pt x 0.7123pt.
File: assets/header-tbird.png Graphic file (type png)
<use assets/header-tbird.png>
Package pdftex.def Info: assets/header-tbird.png  used on input line 183.
(pdftex.def)             Requested size: 12.76477pt x 12.29161pt.
 [29

]
File: ../figs/introduction/itm.png Graphic file (type png)
<use ../figs/introduction/itm.png>
Package pdftex.def Info: ../figs/introduction/itm.png  used on input line 183.
(pdftex.def)             Requested size: 107.55177pt x 68.7785pt.
File: ../figs/pirom/checkmark.png Graphic file (type png)
<use ../figs/pirom/checkmark.png>
Package pdftex.def Info: ../figs/pirom/checkmark.png  used on input line 183.
(pdftex.def)             Requested size: 19.91814pt x 19.91075pt.
File: ../figs/pirom/checkmark.png Graphic file (type png)
<use ../figs/pirom/checkmark.png>
Package pdftex.def Info: ../figs/pirom/checkmark.png  used on input line 183.
(pdftex.def)             Requested size: 19.91814pt x 19.91075pt.
File: ../figs/pirom/checkmark.png Graphic file (type png)
<use ../figs/pirom/checkmark.png>
Package pdftex.def Info: ../figs/pirom/checkmark.png  used on input line 183.
(pdftex.def)             Requested size: 19.91814pt x 19.91075pt.
File: assets/vrainbow.png Graphic file (type png)
<use assets/vrainbow.png>
Package pdftex.def Info: assets/vrainbow.png  used on input line 183.
(pdftex.def)             Requested size: 85.35826pt x 0.7123pt.
File: assets/header-tbird.png Graphic file (type png)
<use assets/header-tbird.png>
Package pdftex.def Info: assets/header-tbird.png  used on input line 183.
(pdftex.def)             Requested size: 12.76477pt x 12.29161pt.
 [30

]
File: ../figs/introduction/itm.png Graphic file (type png)
<use ../figs/introduction/itm.png>
Package pdftex.def Info: ../figs/introduction/itm.png  used on input line 183.
(pdftex.def)             Requested size: 107.55177pt x 68.7785pt.
File: ../figs/pirom/checkmark.png Graphic file (type png)
<use ../figs/pirom/checkmark.png>
Package pdftex.def Info: ../figs/pirom/checkmark.png  used on input line 183.
(pdftex.def)             Requested size: 19.91814pt x 19.91075pt.
File: ../figs/pirom/checkmark.png Graphic file (type png)
<use ../figs/pirom/checkmark.png>
Package pdftex.def Info: ../figs/pirom/checkmark.png  used on input line 183.
(pdftex.def)             Requested size: 19.91814pt x 19.91075pt.
File: ../figs/pirom/checkmark.png Graphic file (type png)
<use ../figs/pirom/checkmark.png>
Package pdftex.def Info: ../figs/pirom/checkmark.png  used on input line 183.
(pdftex.def)             Requested size: 19.91814pt x 19.91075pt.
File: assets/vrainbow.png Graphic file (type png)
<use assets/vrainbow.png>
Package pdftex.def Info: assets/vrainbow.png  used on input line 183.
(pdftex.def)             Requested size: 85.35826pt x 0.7123pt.
File: assets/header-tbird.png Graphic file (type png)
<use assets/header-tbird.png>
Package pdftex.def Info: assets/header-tbird.png  used on input line 183.
(pdftex.def)             Requested size: 12.76477pt x 12.29161pt.
 [31

]
File: ../figs/introduction/itm.png Graphic file (type png)
<use ../figs/introduction/itm.png>
Package pdftex.def Info: ../figs/introduction/itm.png  used on input line 183.
(pdftex.def)             Requested size: 107.55177pt x 68.7785pt.
File: ../figs/pirom/checkmark.png Graphic file (type png)
<use ../figs/pirom/checkmark.png>
Package pdftex.def Info: ../figs/pirom/checkmark.png  used on input line 183.
(pdftex.def)             Requested size: 19.91814pt x 19.91075pt.
File: ../figs/pirom/checkmark.png Graphic file (type png)
<use ../figs/pirom/checkmark.png>
Package pdftex.def Info: ../figs/pirom/checkmark.png  used on input line 183.
(pdftex.def)             Requested size: 19.91814pt x 19.91075pt.
File: ../figs/pirom/checkmark.png Graphic file (type png)
<use ../figs/pirom/checkmark.png>
Package pdftex.def Info: ../figs/pirom/checkmark.png  used on input line 183.
(pdftex.def)             Requested size: 19.91814pt x 19.91075pt.
File: assets/vrainbow.png Graphic file (type png)
<use assets/vrainbow.png>
Package pdftex.def Info: assets/vrainbow.png  used on input line 183.
(pdftex.def)             Requested size: 85.35826pt x 0.7123pt.
File: assets/header-tbird.png Graphic file (type png)
<use assets/header-tbird.png>
Package pdftex.def Info: assets/header-tbird.png  used on input line 183.
(pdftex.def)             Requested size: 12.76477pt x 12.29161pt.
 [32

]
File: ../figs/introduction/itm.png Graphic file (type png)
<use ../figs/introduction/itm.png>
Package pdftex.def Info: ../figs/introduction/itm.png  used on input line 183.
(pdftex.def)             Requested size: 107.55177pt x 68.7785pt.
File: ../figs/pirom/checkmark.png Graphic file (type png)
<use ../figs/pirom/checkmark.png>
Package pdftex.def Info: ../figs/pirom/checkmark.png  used on input line 183.
(pdftex.def)             Requested size: 19.91814pt x 19.91075pt.
File: ../figs/pirom/checkmark.png Graphic file (type png)
<use ../figs/pirom/checkmark.png>
Package pdftex.def Info: ../figs/pirom/checkmark.png  used on input line 183.
(pdftex.def)             Requested size: 19.91814pt x 19.91075pt.
File: ../figs/pirom/checkmark.png Graphic file (type png)
<use ../figs/pirom/checkmark.png>
Package pdftex.def Info: ../figs/pirom/checkmark.png  used on input line 183.
(pdftex.def)             Requested size: 19.91814pt x 19.91075pt.
File: assets/vrainbow.png Graphic file (type png)
<use assets/vrainbow.png>
Package pdftex.def Info: assets/vrainbow.png  used on input line 183.
(pdftex.def)             Requested size: 85.35826pt x 0.7123pt.
File: assets/header-tbird.png Graphic file (type png)
<use assets/header-tbird.png>
Package pdftex.def Info: assets/header-tbird.png  used on input line 183.
(pdftex.def)             Requested size: 12.76477pt x 12.29161pt.
 [33

]
File: ../figs/introduction/itm.png Graphic file (type png)
<use ../figs/introduction/itm.png>
Package pdftex.def Info: ../figs/introduction/itm.png  used on input line 183.
(pdftex.def)             Requested size: 107.55177pt x 68.7785pt.
File: ../figs/pirom/checkmark.png Graphic file (type png)
<use ../figs/pirom/checkmark.png>
Package pdftex.def Info: ../figs/pirom/checkmark.png  used on input line 183.
(pdftex.def)             Requested size: 19.91814pt x 19.91075pt.
File: ../figs/pirom/checkmark.png Graphic file (type png)
<use ../figs/pirom/checkmark.png>
Package pdftex.def Info: ../figs/pirom/checkmark.png  used on input line 183.
(pdftex.def)             Requested size: 19.91814pt x 19.91075pt.
File: ../figs/pirom/checkmark.png Graphic file (type png)
<use ../figs/pirom/checkmark.png>
Package pdftex.def Info: ../figs/pirom/checkmark.png  used on input line 183.
(pdftex.def)             Requested size: 19.91814pt x 19.91075pt.
File: assets/vrainbow.png Graphic file (type png)
<use assets/vrainbow.png>
Package pdftex.def Info: assets/vrainbow.png  used on input line 183.
(pdftex.def)             Requested size: 85.35826pt x 0.7123pt.
File: assets/header-tbird.png Graphic file (type png)
<use assets/header-tbird.png>
Package pdftex.def Info: assets/header-tbird.png  used on input line 183.
(pdftex.def)             Requested size: 12.76477pt x 12.29161pt.
 [34

])
\tf@nav=\write6
\openout6 = `main.nav'.

\tf@toc=\write7
\openout7 = `main.toc'.

\tf@snm=\write8
\openout8 = `main.snm'.

 (./main.aux)
 ***********
LaTeX2e <2023-11-01> patch level 1
L3 programming layer <2024-01-22>
 ***********
Package rerunfilecheck Info: File `main.out' has not changed.
(rerunfilecheck)             Checksum: D41D8CD98F00B204E9800998ECF8427E;0.
 ) 
Here is how much of TeX's memory you used:
 35361 strings out of 474222
 729824 string characters out of 5748733
 1941975 words of memory out of 5000000
 56808 multiletter control sequences out of 15000+600000
 582197 words of font info for 88 fonts, out of 8000000 for 9000
 1141 hyphenation exceptions out of 8191
 142i,18n,137p,1085b,1075s stack positions out of 10000i,1000n,20000p,200000b,200000s
</usr/share/texlive/texmf-dist/fonts/type1/public/amsfonts/cmextra/cmex9.pfb></usr/share/texlive/texmf-dist/fonts/type1/public/amsfonts/cm/cmmi5.pfb></usr/share/texlive/texmf-dist/fonts/type1/public/amsfonts/cm/cmmi6.pfb></usr/share/texlive/texmf-dist/fonts/type1/public/amsfonts/cm/cmmi9.pfb></usr/share/texlive/texmf-dist/fonts/type1/public/amsfonts/cmextra/cmmib9.pfb></usr/share/texlive/texmf-dist/fonts/type1/public/amsfonts/cm/cmr5.pfb></usr/share/texlive/texmf-dist/fonts/type1/public/amsfonts/cm/cmr6.pfb></usr/share/texlive/texmf-dist/fonts/type1/public/amsfonts/cm/cmr9.pfb></usr/share/texlive/texmf-dist/fonts/type1/public/amsfonts/cm/cmsy10.pfb></usr/share/texlive/texmf-dist/fonts/type1/public/amsfonts/cm/cmsy6.pfb></usr/share/texlive/texmf-dist/fonts/type1/public/amsfonts/cm/cmsy9.pfb></usr/share/texmf/fonts/type1/public/cm-super/sfbx0900.pfb></usr/share/texmf/fonts/type1/public/cm-super/sfbx1000.pfb></usr/share/texmf/fonts/type1/public/cm-super/sfbx1440.pfb></usr/share/texmf/fonts/type1/public/cm-super/sfrm0500.pfb></usr/share/texmf/fonts/type1/public/cm-super/sfrm0600.pfb></usr/share/texmf/fonts/type1/public/cm-super/sfrm0900.pfb></usr/share/texmf/fonts/type1/public/cm-super/sfrm1000.pfb></usr/share/texmf/fonts/type1/public/cm-super/sfrm1440.pfb></usr/share/texmf/fonts/type1/public/cm-super/sfss0500.pfb></usr/share/texmf/fonts/type1/public/cm-super/sfss0600.pfb></usr/share/texmf/fonts/type1/public/cm-super/sfss0900.pfb></usr/share/texmf/fonts/type1/public/cm-super/sfss1000.pfb></usr/share/texmf/fonts/type1/public/cm-super/sfss1728.pfb></usr/share/texmf/fonts/type1/public/cm-super/sfsx1000.pfb>
Output written on main.pdf (34 pages, 23085494 bytes).
PDF statistics:
 410 PDF objects out of 1000 (max. 8388607)
 256 compressed objects within 3 object streams
 69 named destinations out of 1000 (max. 500000)
 282 words of extra memory for PDF output out of 10000 (max. 10000000)

